<?xml version="1.0" encoding="UTF-8"?>
<testsuite name="project3.app.server.service.PasswordAlgoTestCase" tests="4" skipped="0" failures="0" errors="0" timestamp="2016-02-10T07:30:10" hostname="01043713de49" time="0.386">
  <properties/>
  <testcase name="test1Save" classname="project3.app.server.service.PasswordAlgoTestCase" time="0.23"/>
  <testcase name="test2Update" classname="project3.app.server.service.PasswordAlgoTestCase" time="0.1"/>
  <testcase name="test3FindById" classname="project3.app.server.service.PasswordAlgoTestCase" time="0.005"/>
  <testcase name="test4Delete" classname="project3.app.server.service.PasswordAlgoTestCase" time="0.05"/>
  <system-out><![CDATA[Setting logged in user info for ADD
[EL Fine]: sql: 2016-02-10 07:30:10.133--ClientSession(657592793)--Connection(672601104)--Thread(Thread[Test worker,5,main])--INSERT INTO ast_PasswordAlgo_M (algoId, algoDescription, algoHelp, algoIcon, algoName, algorithm, versionId, createdBy, createdDate, updatedBy, updatedDate, activeStatus, txnAccessCode) VALUES (?, ?, ?, ?, ?, ?, ?, ?, ?, ?, ?, ?, ?)
	bind => [6D1458FA-85C2-4476-BDD6-CDB38C715BD2, wUeFowggS72VOf8TKWQgQPkGe9gUVMNgHLIFbitL0f7cYl8n39, UtFbtgkj3DiqriCGysVEYTntEopSN4dRBNZ1ce3oFEC84zTlSE, mgnRXt2BvnJq2Yqmw0SBNLITq8XSmLtdy6EqidxyXST6gNRK1p, DocMw6JQNenIR1DvHhuHsMPrbCgdKRQnm4odnBQhgMxOe8AaLE, 8, 1, AAAAA, 2016-02-10 07:30:10.024, null, 2016-02-10 07:30:10.024, 1, 51000]
[EL Fine]: sql: 2016-02-10 07:30:10.245--ClientSession(1657046760)--Connection(672601104)--Thread(Thread[Test worker,5,main])--SELECT algoId, algoDescription, algoHelp, algoIcon, algoName, algorithm, versionId, createdBy, createdDate, updatedBy, updatedDate, activeStatus, txnAccessCode FROM ast_PasswordAlgo_M WHERE ((activeStatus = ?) AND (algoId = ?))
	bind => [1, 6D1458FA-85C2-4476-BDD6-CDB38C715BD2]
Setting logged in user info for UPDATE
[EL Fine]: sql: 2016-02-10 07:30:10.248--ClientSession(289551557)--Connection(672601104)--Thread(Thread[Test worker,5,main])--SELECT algoId, algoDescription, algoHelp, algoIcon, algoName, algorithm, versionId, createdBy, createdDate, updatedBy, updatedDate, activeStatus, txnAccessCode FROM ast_PasswordAlgo_M WHERE (algoId = ?)
	bind => [6D1458FA-85C2-4476-BDD6-CDB38C715BD2]
[EL Fine]: sql: 2016-02-10 07:30:10.249--ClientSession(289551557)--Connection(672601104)--Thread(Thread[Test worker,5,main])--UPDATE ast_PasswordAlgo_M SET algoDescription = ?, algoHelp = ?, algoIcon = ?, algoName = ?, updatedBy = ?, versionId = ? WHERE ((algoId = ?) AND (versionId = ?))
	bind => [skp75PLvikmNWaDcWZCOMpvyUFrg9lGo8gGjvHghs2jGIY9LSC, oXbnXk2PuFdZah0dgujd9ZycLkCyngYvaWCwsgo48BwPGwimfk, EGhdgRrRLNn6UylNCMrWFcjEOdBnQkDD4WGEb99r9wtyKD2oNR, 1NvyBJZ3tdh9iLsu1Ql8f5mzdJrnohqSmANL5m36BHqvyr3ZNI, AAAAA, 2, 6D1458FA-85C2-4476-BDD6-CDB38C715BD2, 1]
[EL Fine]: sql: 2016-02-10 07:30:10.345--ClientSession(1404986974)--Connection(672601104)--Thread(Thread[Test worker,5,main])--SELECT algoId, algoDescription, algoHelp, algoIcon, algoName, algorithm, versionId, createdBy, createdDate, updatedBy, updatedDate, activeStatus, txnAccessCode FROM ast_PasswordAlgo_M WHERE ((activeStatus = ?) AND (algoId = ?))
	bind => [1, 6D1458FA-85C2-4476-BDD6-CDB38C715BD2]
[EL Fine]: sql: 2016-02-10 07:30:10.35--ClientSession(286206119)--Connection(672601104)--Thread(Thread[Test worker,5,main])--SELECT algoId, algoDescription, algoHelp, algoIcon, algoName, algorithm, versionId, createdBy, createdDate, updatedBy, updatedDate, activeStatus, txnAccessCode FROM ast_PasswordAlgo_M WHERE (algoId = ?)
	bind => [6D1458FA-85C2-4476-BDD6-CDB38C715BD2]
[EL Fine]: sql: 2016-02-10 07:30:10.351--ClientSession(286206119)--Connection(672601104)--Thread(Thread[Test worker,5,main])--DELETE FROM ast_PasswordAlgo_M WHERE ((algoId = ?) AND (versionId = ?))
	bind => [6D1458FA-85C2-4476-BDD6-CDB38C715BD2, 2]
]]></system-out>
  <system-err><![CDATA[]]></system-err>
</testsuite>
