<?xml version="1.0" encoding="UTF-8"?>
<testsuite name="project3.app.server.service.QuestionTestCase" tests="4" skipped="0" failures="0" errors="0" timestamp="2016-02-10T07:30:16" hostname="01043713de49" time="0.63">
  <properties/>
  <testcase name="test1Save" classname="project3.app.server.service.QuestionTestCase" time="0.374"/>
  <testcase name="test2Update" classname="project3.app.server.service.QuestionTestCase" time="0.098"/>
  <testcase name="test3FindById" classname="project3.app.server.service.QuestionTestCase" time="0.005"/>
  <testcase name="test4Delete" classname="project3.app.server.service.QuestionTestCase" time="0.151"/>
  <system-out><![CDATA[Setting logged in user info for ADD
[EL Fine]: sql: 2016-02-10 07:30:16.15--ClientSession(739312084)--Connection(672601104)--Thread(Thread[Test worker,5,main])--INSERT INTO ast_Question_M (questionId, levelid, question, questionDetails, questionIcon, versionId, createdBy, createdDate, updatedBy, updatedDate, activeStatus, txnAccessCode) VALUES (?, ?, ?, ?, ?, ?, ?, ?, ?, ?, ?, ?)
	bind => [7F170BC1-AE6F-4D92-87CC-A59E70F9345F, 0, lQILyoXnNTlg1MevM8VvuaGAmXxKo7CXWffZHYKmVKmavGhrXL, 8, 9RPOIBHy6UWKbudvIQMyjUiOkoNsJjpyv1tqyKquDpIU2zfMpN, 1, AAAAA, 2016-02-10 07:30:16.144, null, 2016-02-10 07:30:16.144, 1, 51000]
[EL Fine]: sql: 2016-02-10 07:30:16.515--ClientSession(1973688777)--Connection(672601104)--Thread(Thread[Test worker,5,main])--SELECT questionId, levelid, question, questionDetails, questionIcon, versionId, createdBy, createdDate, updatedBy, updatedDate, activeStatus, txnAccessCode FROM ast_Question_M WHERE ((activeStatus = ?) AND (questionId = ?))
	bind => [1, 7F170BC1-AE6F-4D92-87CC-A59E70F9345F]
Setting logged in user info for UPDATE
[EL Fine]: sql: 2016-02-10 07:30:16.518--ClientSession(301889397)--Connection(672601104)--Thread(Thread[Test worker,5,main])--SELECT questionId, levelid, question, questionDetails, questionIcon, versionId, createdBy, createdDate, updatedBy, updatedDate, activeStatus, txnAccessCode FROM ast_Question_M WHERE (questionId = ?)
	bind => [7F170BC1-AE6F-4D92-87CC-A59E70F9345F]
[EL Fine]: sql: 2016-02-10 07:30:16.52--ClientSession(301889397)--Connection(672601104)--Thread(Thread[Test worker,5,main])--UPDATE ast_Question_M SET levelid = ?, question = ?, questionDetails = ?, questionIcon = ?, updatedBy = ?, versionId = ? WHERE ((questionId = ?) AND (versionId = ?))
	bind => [10, U0c2NnOWfVZONlZgKagTjRaXXQUmVSMMqoslXyvH6ipxGbYC2H, 3, X8mEyU0PYRN9czMO56exY1UF3UaIcvbTBeme5lTJTSVpvaOqrK, AAAAA, 2, 7F170BC1-AE6F-4D92-87CC-A59E70F9345F, 1]
[EL Fine]: sql: 2016-02-10 07:30:16.613--ClientSession(2054574154)--Connection(672601104)--Thread(Thread[Test worker,5,main])--SELECT questionId, levelid, question, questionDetails, questionIcon, versionId, createdBy, createdDate, updatedBy, updatedDate, activeStatus, txnAccessCode FROM ast_Question_M WHERE ((activeStatus = ?) AND (questionId = ?))
	bind => [1, 7F170BC1-AE6F-4D92-87CC-A59E70F9345F]
[EL Fine]: sql: 2016-02-10 07:30:16.618--ClientSession(2130584234)--Connection(672601104)--Thread(Thread[Test worker,5,main])--SELECT questionId, levelid, question, questionDetails, questionIcon, versionId, createdBy, createdDate, updatedBy, updatedDate, activeStatus, txnAccessCode FROM ast_Question_M WHERE (questionId = ?)
	bind => [7F170BC1-AE6F-4D92-87CC-A59E70F9345F]
[EL Fine]: sql: 2016-02-10 07:30:16.62--ClientSession(2130584234)--Connection(672601104)--Thread(Thread[Test worker,5,main])--DELETE FROM ast_Question_M WHERE ((questionId = ?) AND (versionId = ?))
	bind => [7F170BC1-AE6F-4D92-87CC-A59E70F9345F, 2]
]]></system-out>
  <system-err><![CDATA[]]></system-err>
</testsuite>
