<?xml version="1.0" encoding="UTF-8"?>
<testsuite name="project3.app.server.service.GenderTestCase" tests="4" skipped="0" failures="0" errors="0" timestamp="2016-02-10T07:29:33" hostname="01043713de49" time="18.201">
  <properties/>
  <testcase name="test1Save" classname="project3.app.server.service.GenderTestCase" time="17.905"/>
  <testcase name="test2Update" classname="project3.app.server.service.GenderTestCase" time="0.093"/>
  <testcase name="test3FindById" classname="project3.app.server.service.GenderTestCase" time="0.023"/>
  <testcase name="test4Delete" classname="project3.app.server.service.GenderTestCase" time="0.176"/>
  <system-out><![CDATA[[EL Config]: metadata: 2016-02-10 07:29:39.676--ServerSession(580436653)--Thread(Thread[Test worker,5,main])--The access type for the persistent class [class com.athena.shared.entity.ArtEntity] is set to [FIELD].
[EL Config]: metadata: 2016-02-10 07:29:39.706--ServerSession(580436653)--Thread(Thread[Test worker,5,main])--The access type for the persistent class [class com.athena.shared.entity.AuditPropertiesEntity] is set to [FIELD].
[EL Config]: metadata: 2016-02-10 07:29:39.707--ServerSession(580436653)--Thread(Thread[Test worker,5,main])--The access type for the persistent class [class com.athena.shared.entity.query.ArtQuery] is set to [FIELD].
[EL Config]: metadata: 2016-02-10 07:29:39.71--ServerSession(580436653)--Thread(Thread[Test worker,5,main])--The access type for the persistent class [class com.athena.shared.entity.query.ArtMenu] is set to [FIELD].
[EL Config]: metadata: 2016-02-10 07:29:39.711--ServerSession(580436653)--Thread(Thread[Test worker,5,main])--The access type for the persistent class [class com.athena.shared.entity.query.ArtTableEntityRelation] is set to [FIELD].
[EL Config]: metadata: 2016-02-10 07:29:39.719--ServerSession(580436653)--Thread(Thread[Test worker,5,main])--The target entity (reference) class for the one to one mapping element [field reffKeyDetails] is being defaulted to: class com.athena.shared.entity.query.ArtTableFieldDetails.
[EL Config]: metadata: 2016-02-10 07:29:39.72--ServerSession(580436653)--Thread(Thread[Test worker,5,main])--The target entity (reference) class for the one to one mapping element [field owingKeyDetails] is being defaulted to: class com.athena.shared.entity.query.ArtTableFieldDetails.
[EL Config]: metadata: 2016-02-10 07:29:39.721--ServerSession(580436653)--Thread(Thread[Test worker,5,main])--The target entity (reference) class for the one to one mapping element [field reffTableDetails] is being defaulted to: class com.athena.shared.entity.query.ArtTableDetails.
[EL Config]: metadata: 2016-02-10 07:29:39.721--ServerSession(580436653)--Thread(Thread[Test worker,5,main])--The target entity (reference) class for the many to one mapping element [field owningTableDetails] is being defaulted to: class com.athena.shared.entity.query.ArtTableDetails.
[EL Config]: metadata: 2016-02-10 07:29:39.722--ServerSession(580436653)--Thread(Thread[Test worker,5,main])--The access type for the persistent class [class com.athena.cloud.shared.entity.CloudDriveTags] is set to [FIELD].
[EL Config]: metadata: 2016-02-10 07:29:39.728--ServerSession(580436653)--Thread(Thread[Test worker,5,main])--The target entity (reference) class for the one to many mapping element [field awsCloudDriveTagFiles] is being defaulted to: class com.athena.cloud.shared.entity.CloudDriveTagFiles.
[EL Config]: metadata: 2016-02-10 07:29:39.73--ServerSession(580436653)--Thread(Thread[Test worker,5,main])--The access type for the persistent class [class project3.app.shared.authorization.UserRoleBridge] is set to [FIELD].
[EL Config]: metadata: 2016-02-10 07:29:39.736--ServerSession(580436653)--Thread(Thread[Test worker,5,main])--The access type for the persistent class [class com.athena.shared.entity.report.ArtServiceOperation] is set to [FIELD].
[EL Config]: metadata: 2016-02-10 07:29:39.737--ServerSession(580436653)--Thread(Thread[Test worker,5,main])--The target entity (reference) class for the many to one mapping element [field artservice] is being defaulted to: class com.athena.shared.entity.report.ArtService.
[EL Config]: metadata: 2016-02-10 07:29:39.738--ServerSession(580436653)--Thread(Thread[Test worker,5,main])--The access type for the persistent class [class project3.app.shared.authorization.AppMenus] is set to [FIELD].
[EL Config]: metadata: 2016-02-10 07:29:39.74--ServerSession(580436653)--Thread(Thread[Test worker,5,main])--The access type for the persistent class [class com.spartan.sprinkler.entity.AuditPropertiesEntity] is set to [FIELD].
[EL Config]: metadata: 2016-02-10 07:29:39.741--ServerSession(580436653)--Thread(Thread[Test worker,5,main])--The access type for the persistent class [class com.spartan.sprinkler.entity.ArtLogConfig] is set to [FIELD].
[EL Config]: metadata: 2016-02-10 07:29:39.741--ServerSession(580436653)--Thread(Thread[Test worker,5,main])--The target entity (reference) class for the one to many mapping element [field logConnectors] is being defaulted to: class com.spartan.sprinkler.entity.ArtLogConnector.
[EL Config]: metadata: 2016-02-10 07:29:39.741--ServerSession(580436653)--Thread(Thread[Test worker,5,main])--The target entity (reference) class for the one to many mapping element [field loggingProperties] is being defaulted to: class com.spartan.sprinkler.entity.ArtLoggingProperties.
[EL Config]: metadata: 2016-02-10 07:29:39.742--ServerSession(580436653)--Thread(Thread[Test worker,5,main])--The target entity (reference) class for the one to many mapping element [field logSeverity] is being defaulted to: class com.spartan.sprinkler.entity.ArtLogSeverity.
[EL Config]: metadata: 2016-02-10 07:29:39.743--ServerSession(580436653)--Thread(Thread[Test worker,5,main])--The access type for the persistent class [class com.athena.shared.entity.report.ArtChartTemplate] is set to [FIELD].
[EL Config]: metadata: 2016-02-10 07:29:39.744--ServerSession(580436653)--Thread(Thread[Test worker,5,main])--The access type for the persistent class [class com.spartan.healthmeter.entity.ArtHealthStatusConfiguration] is set to [FIELD].
[EL Config]: metadata: 2016-02-10 07:29:39.744--ServerSession(580436653)--Thread(Thread[Test worker,5,main])--The access type for the persistent class [class project3.app.shared.contacts.CommunicationData] is set to [FIELD].
[EL Config]: metadata: 2016-02-10 07:29:39.745--ServerSession(580436653)--Thread(Thread[Test worker,5,main])--The access type for the persistent class [class com.spartan.sprinkler.entity.ArtLogModule] is set to [FIELD].
[EL Config]: metadata: 2016-02-10 07:29:39.745--ServerSession(580436653)--Thread(Thread[Test worker,5,main])--The target entity (reference) class for the one to many mapping element [field appAlarm] is being defaulted to: class com.spartan.sprinkler.entity.ArtAppAlarm.
[EL Config]: metadata: 2016-02-10 07:29:39.746--ServerSession(580436653)--Thread(Thread[Test worker,5,main])--The access type for the persistent class [class com.spartan.sprinkler.entity.ArtAppAlarm] is set to [FIELD].
[EL Config]: metadata: 2016-02-10 07:29:39.747--ServerSession(580436653)--Thread(Thread[Test worker,5,main])--The target entity (reference) class for the many to one mapping element [field logmodule] is being defaulted to: class com.spartan.sprinkler.entity.ArtLogModule.
[EL Config]: metadata: 2016-02-10 07:29:39.748--ServerSession(580436653)--Thread(Thread[Test worker,5,main])--The access type for the persistent class [class com.athena.cloud.shared.entity.CloudDriveFiles] is set to [FIELD].
[EL Config]: metadata: 2016-02-10 07:29:39.749--ServerSession(580436653)--Thread(Thread[Test worker,5,main])--The target entity (reference) class for the many to many mapping element [field tags] is being defaulted to: class com.athena.cloud.shared.entity.CloudDriveTags.
[EL Config]: metadata: 2016-02-10 07:29:39.75--ServerSession(580436653)--Thread(Thread[Test worker,5,main])--The target entity (reference) class for the one to one mapping element [field contentType] is being defaulted to: class com.athena.cloud.shared.entity.CloudDriveContentType.
[EL Config]: metadata: 2016-02-10 07:29:39.751--ServerSession(580436653)--Thread(Thread[Test worker,5,main])--The access type for the persistent class [class com.athena.shared.entity.query.ArtTableDetails] is set to [FIELD].
[EL Config]: metadata: 2016-02-10 07:29:39.751--ServerSession(580436653)--Thread(Thread[Test worker,5,main])--The target entity (reference) class for the one to many mapping element [field entityRelations] is being defaulted to: class com.athena.shared.entity.query.ArtTableEntityRelation.
[EL Config]: metadata: 2016-02-10 07:29:39.752--ServerSession(580436653)--Thread(Thread[Test worker,5,main])--The target entity (reference) class for the one to many mapping element [field artTableFieldDetail] is being defaulted to: class com.athena.shared.entity.query.ArtTableFieldDetails.
[EL Config]: metadata: 2016-02-10 07:29:39.753--ServerSession(580436653)--Thread(Thread[Test worker,5,main])--The access type for the persistent class [class project3.app.shared.contacts.Title] is set to [FIELD].
[EL Config]: metadata: 2016-02-10 07:29:39.753--ServerSession(580436653)--Thread(Thread[Test worker,5,main])--The access type for the persistent class [class project3.app.shared.location.Timezone] is set to [FIELD].
[EL Config]: metadata: 2016-02-10 07:29:39.754--ServerSession(580436653)--Thread(Thread[Test worker,5,main])--The access type for the persistent class [class com.athena.shared.entity.report.ArtChartCategory] is set to [FIELD].
[EL Config]: metadata: 2016-02-10 07:29:39.755--ServerSession(580436653)--Thread(Thread[Test worker,5,main])--The target entity (reference) class for the one to one mapping element [field chart_json_id] is being defaulted to: class com.athena.shared.entity.report.ArtChartJson.
[EL Config]: metadata: 2016-02-10 07:29:39.755--ServerSession(580436653)--Thread(Thread[Test worker,5,main])--The access type for the persistent class [class project3.app.shared.authentication.UserData] is set to [FIELD].
[EL Config]: metadata: 2016-02-10 07:29:39.756--ServerSession(580436653)--Thread(Thread[Test worker,5,main])--The target entity (reference) class for the one to one mapping element [field user] is being defaulted to: class project3.app.shared.authentication.User.
[EL Config]: metadata: 2016-02-10 07:29:39.756--ServerSession(580436653)--Thread(Thread[Test worker,5,main])--The access type for the persistent class [class com.athena.shared.entity.report.ArtChartJson] is set to [FIELD].
[EL Config]: metadata: 2016-02-10 07:29:39.757--ServerSession(580436653)--Thread(Thread[Test worker,5,main])--The target entity (reference) class for the one to one mapping element [field data_field_id] is being defaulted to: class com.athena.shared.entity.report.ArtChartDataFieldJson.
[EL Config]: metadata: 2016-02-10 07:29:39.757--ServerSession(580436653)--Thread(Thread[Test worker,5,main])--The access type for the persistent class [class com.spartan.sprinkler.entity.ArtLoggingProperties] is set to [FIELD].
[EL Config]: metadata: 2016-02-10 07:29:39.758--ServerSession(580436653)--Thread(Thread[Test worker,5,main])--The target entity (reference) class for the many to one mapping element [field logConfig] is being defaulted to: class com.spartan.sprinkler.entity.ArtLogConfig.
[EL Config]: metadata: 2016-02-10 07:29:39.758--ServerSession(580436653)--Thread(Thread[Test worker,5,main])--The access type for the persistent class [class com.spartan.healthmeter.entity.ZenHealthGauge] is set to [FIELD].
[EL Config]: metadata: 2016-02-10 07:29:39.759--ServerSession(580436653)--Thread(Thread[Test worker,5,main])--The access type for the persistent class [class com.athena.cloud.shared.entity.CloudDriveContentType] is set to [FIELD].
[EL Config]: metadata: 2016-02-10 07:29:39.759--ServerSession(580436653)--Thread(Thread[Test worker,5,main])--The access type for the persistent class [class com.athena.shared.entity.report.ArtChartProperties] is set to [FIELD].
[EL Config]: metadata: 2016-02-10 07:29:39.76--ServerSession(580436653)--Thread(Thread[Test worker,5,main])--The access type for the persistent class [class project3.app.shared.authentication.User] is set to [FIELD].
[EL Config]: metadata: 2016-02-10 07:29:39.761--ServerSession(580436653)--Thread(Thread[Test worker,5,main])--The target entity (reference) class for the one to one mapping element [field userData] is being defaulted to: class project3.app.shared.authentication.UserData.
[EL Config]: metadata: 2016-02-10 07:29:39.762--ServerSession(580436653)--Thread(Thread[Test worker,5,main])--The target entity (reference) class for the one to many mapping element [field passRecovery] is being defaulted to: class project3.app.shared.authentication.PassRecovery.
[EL Config]: metadata: 2016-02-10 07:29:39.762--ServerSession(580436653)--Thread(Thread[Test worker,5,main])--The access type for the persistent class [class com.athena.shared.entity.query.ArtUserLastStatus] is set to [FIELD].
[EL Config]: metadata: 2016-02-10 07:29:39.763--ServerSession(580436653)--Thread(Thread[Test worker,5,main])--The access type for the persistent class [class com.athena.shared.entity.query.ArtMasterForm] is set to [FIELD].
[EL Config]: metadata: 2016-02-10 07:29:39.765--ServerSession(580436653)--Thread(Thread[Test worker,5,main])--The access type for the persistent class [class com.athena.cloud.shared.entity.CloudDriveTagShared] is set to [FIELD].
[EL Config]: metadata: 2016-02-10 07:29:39.765--ServerSession(580436653)--Thread(Thread[Test worker,5,main])--The target entity (reference) class for the one to one mapping element [field tags] is being defaulted to: class com.athena.cloud.shared.entity.CloudDriveTags.
[EL Config]: metadata: 2016-02-10 07:29:39.766--ServerSession(580436653)--Thread(Thread[Test worker,5,main])--The access type for the persistent class [class com.athena.shared.entity.query.ArtUserMenu] is set to [FIELD].
[EL Config]: metadata: 2016-02-10 07:29:39.768--ServerSession(580436653)--Thread(Thread[Test worker,5,main])--The access type for the persistent class [class project3.app.shared.authentication.UserAccessDomain] is set to [FIELD].
[EL Config]: metadata: 2016-02-10 07:29:39.769--ServerSession(580436653)--Thread(Thread[Test worker,5,main])--The access type for the persistent class [class project3.app.shared.contacts.CommunicationGroup] is set to [FIELD].
[EL Config]: metadata: 2016-02-10 07:29:39.769--ServerSession(580436653)--Thread(Thread[Test worker,5,main])--The access type for the persistent class [class project3.app.shared.location.Language] is set to [FIELD].
[EL Config]: metadata: 2016-02-10 07:29:39.771--ServerSession(580436653)--Thread(Thread[Test worker,5,main])--The access type for the persistent class [class com.spartan.healthmeter.entity.HealthSchedulerConfiguration] is set to [FIELD].
[EL Config]: metadata: 2016-02-10 07:29:39.772--ServerSession(580436653)--Thread(Thread[Test worker,5,main])--The access type for the persistent class [class com.athena.scheduler.entity.ArtScheduleConfig] is set to [FIELD].
[EL Config]: metadata: 2016-02-10 07:29:39.772--ServerSession(580436653)--Thread(Thread[Test worker,5,main])--The target entity (reference) class for the one to one mapping element [field artJobDetails] is being defaulted to: class com.athena.scheduler.entity.ArtJobDetails.
[EL Config]: metadata: 2016-02-10 07:29:39.773--ServerSession(580436653)--Thread(Thread[Test worker,5,main])--The access type for the persistent class [class com.athena.cloud.shared.entity.CloudDriveFileVersion] is set to [FIELD].
[EL Config]: metadata: 2016-02-10 07:29:39.774--ServerSession(580436653)--Thread(Thread[Test worker,5,main])--The target entity (reference) class for the one to one mapping element [field file] is being defaulted to: class com.athena.cloud.shared.entity.CloudDriveFiles.
[EL Config]: metadata: 2016-02-10 07:29:39.774--ServerSession(580436653)--Thread(Thread[Test worker,5,main])--The access type for the persistent class [class com.spartan.healthmeter.entity.ZenSchedulerHealth] is set to [FIELD].
[EL Config]: metadata: 2016-02-10 07:29:39.777--ServerSession(580436653)--Thread(Thread[Test worker,5,main])--The access type for the persistent class [class com.athena.shared.entity.report.ArtChartType] is set to [FIELD].
[EL Config]: metadata: 2016-02-10 07:29:39.777--ServerSession(580436653)--Thread(Thread[Test worker,5,main])--The target entity (reference) class for the one to one mapping element [field chart_id] is being defaulted to: class com.athena.shared.entity.report.ArtChartCategory.
[EL Config]: metadata: 2016-02-10 07:29:39.778--ServerSession(580436653)--Thread(Thread[Test worker,5,main])--The access type for the persistent class [class project3.app.shared.authentication.SessionData] is set to [FIELD].
[EL Config]: metadata: 2016-02-10 07:29:39.778--ServerSession(580436653)--Thread(Thread[Test worker,5,main])--The access type for the persistent class [class com.athena.shared.entity.query.ArtDatabaseFunction] is set to [FIELD].
[EL Config]: metadata: 2016-02-10 07:29:39.779--ServerSession(580436653)--Thread(Thread[Test worker,5,main])--The access type for the persistent class [class com.spartan.shield.server.entity.AppSessionConfig] is set to [FIELD].
[EL Config]: metadata: 2016-02-10 07:29:39.78--ServerSession(580436653)--Thread(Thread[Test worker,5,main])--The access type for the persistent class [class com.athena.shared.entity.report.ArtChartPropLanguage] is set to [FIELD].
[EL Config]: metadata: 2016-02-10 07:29:39.78--ServerSession(580436653)--Thread(Thread[Test worker,5,main])--The target entity (reference) class for the one to one mapping element [field property_id] is being defaulted to: class com.athena.shared.entity.report.ArtChartProperties.
[EL Config]: metadata: 2016-02-10 07:29:39.78--ServerSession(580436653)--Thread(Thread[Test worker,5,main])--The target entity (reference) class for the one to one mapping element [field lang_id] is being defaulted to: class com.athena.shared.entity.report.ArtLangMaster.
[EL Config]: metadata: 2016-02-10 07:29:39.781--ServerSession(580436653)--Thread(Thread[Test worker,5,main])--The access type for the persistent class [class project3.app.shared.contacts.CoreContacts] is set to [FIELD].
[EL Config]: metadata: 2016-02-10 07:29:39.781--ServerSession(580436653)--Thread(Thread[Test worker,5,main])--The target entity (reference) class for the one to one mapping element [field timezone] is being defaulted to: class project3.app.shared.location.Timezone.
[EL Config]: metadata: 2016-02-10 07:29:39.781--ServerSession(580436653)--Thread(Thread[Test worker,5,main])--The target entity (reference) class for the one to many mapping element [field address] is being defaulted to: class project3.app.shared.location.Address.
[EL Config]: metadata: 2016-02-10 07:29:39.782--ServerSession(580436653)--Thread(Thread[Test worker,5,main])--The target entity (reference) class for the one to many mapping element [field communicationData] is being defaulted to: class project3.app.shared.contacts.CommunicationData.
[EL Config]: metadata: 2016-02-10 07:29:39.782--ServerSession(580436653)--Thread(Thread[Test worker,5,main])--The access type for the persistent class [class com.athena.shared.entity.report.ArtLangMaster] is set to [FIELD].
[EL Config]: metadata: 2016-02-10 07:29:39.783--ServerSession(580436653)--Thread(Thread[Test worker,5,main])--The access type for the persistent class [class project3.app.shared.location.City] is set to [FIELD].
[EL Config]: metadata: 2016-02-10 07:29:39.783--ServerSession(580436653)--Thread(Thread[Test worker,5,main])--The access type for the persistent class [class project3.app.shared.authentication.Login] is set to [FIELD].
[EL Config]: metadata: 2016-02-10 07:29:39.784--ServerSession(580436653)--Thread(Thread[Test worker,5,main])--The target entity (reference) class for the one to one mapping element [field coreContacts] is being defaulted to: class project3.app.shared.contacts.CoreContacts.
[EL Config]: metadata: 2016-02-10 07:29:39.784--ServerSession(580436653)--Thread(Thread[Test worker,5,main])--The target entity (reference) class for the one to one mapping element [field user] is being defaulted to: class project3.app.shared.authentication.User.
[EL Config]: metadata: 2016-02-10 07:29:39.784--ServerSession(580436653)--Thread(Thread[Test worker,5,main])--The access type for the persistent class [class project3.app.shared.authentication.PasswordPolicy] is set to [FIELD].
[EL Config]: metadata: 2016-02-10 07:29:39.785--ServerSession(580436653)--Thread(Thread[Test worker,5,main])--The access type for the persistent class [class com.athena.shared.entity.query.ArtDatabaseOperators] is set to [FIELD].
[EL Config]: metadata: 2016-02-10 07:29:39.785--ServerSession(580436653)--Thread(Thread[Test worker,5,main])--The access type for the persistent class [class com.spartan.sprinkler.entity.ArtLogConnector] is set to [FIELD].
[EL Config]: metadata: 2016-02-10 07:29:39.786--ServerSession(580436653)--Thread(Thread[Test worker,5,main])--The target entity (reference) class for the one to many mapping element [field logConnectorAttributes] is being defaulted to: class com.spartan.sprinkler.entity.ArtLogConnectorAttributes.
[EL Config]: metadata: 2016-02-10 07:29:39.786--ServerSession(580436653)--Thread(Thread[Test worker,5,main])--The target entity (reference) class for the many to one mapping element [field logConfig] is being defaulted to: class com.spartan.sprinkler.entity.ArtLogConfig.
[EL Config]: metadata: 2016-02-10 07:29:39.787--ServerSession(580436653)--Thread(Thread[Test worker,5,main])--The access type for the persistent class [class project3.app.shared.location.AddressType] is set to [FIELD].
[EL Config]: metadata: 2016-02-10 07:29:39.788--ServerSession(580436653)--Thread(Thread[Test worker,5,main])--The access type for the persistent class [class com.athena.cloud.shared.entity.CloudDriveFileShared] is set to [FIELD].
[EL Config]: metadata: 2016-02-10 07:29:39.788--ServerSession(580436653)--Thread(Thread[Test worker,5,main])--The target entity (reference) class for the one to one mapping element [field file] is being defaulted to: class com.athena.cloud.shared.entity.CloudDriveFiles.
[EL Config]: metadata: 2016-02-10 07:29:39.788--ServerSession(580436653)--Thread(Thread[Test worker,5,main])--The access type for the persistent class [class project3.app.shared.authorization.RoleMenuBridge] is set to [FIELD].
[EL Config]: metadata: 2016-02-10 07:29:39.789--ServerSession(580436653)--Thread(Thread[Test worker,5,main])--The target entity (reference) class for the one to one mapping element [field roles] is being defaulted to: class project3.app.shared.authorization.Roles.
[EL Config]: metadata: 2016-02-10 07:29:39.789--ServerSession(580436653)--Thread(Thread[Test worker,5,main])--The access type for the persistent class [class project3.app.shared.location.Address] is set to [FIELD].
[EL Config]: metadata: 2016-02-10 07:29:39.79--ServerSession(580436653)--Thread(Thread[Test worker,5,main])--The access type for the persistent class [class com.spartan.healthmeter.entity.ZenHealthStatus] is set to [FIELD].
[EL Config]: metadata: 2016-02-10 07:29:39.79--ServerSession(580436653)--Thread(Thread[Test worker,5,main])--The access type for the persistent class [class com.athena.cloud.shared.entity.CloudDriveDefaultTags] is set to [FIELD].
[EL Config]: metadata: 2016-02-10 07:29:39.79--ServerSession(580436653)--Thread(Thread[Test worker,5,main])--The access type for the persistent class [class com.athena.shared.entity.query.ArtTableFieldDetails] is set to [FIELD].
[EL Config]: metadata: 2016-02-10 07:29:39.791--ServerSession(580436653)--Thread(Thread[Test worker,5,main])--The target entity (reference) class for the many to one mapping element [field awsTableDetail] is being defaulted to: class com.athena.shared.entity.query.ArtTableDetails.
[EL Config]: metadata: 2016-02-10 07:29:39.792--ServerSession(580436653)--Thread(Thread[Test worker,5,main])--The access type for the persistent class [class project3.app.shared.authentication.UserAccessLevel] is set to [FIELD].
[EL Config]: metadata: 2016-02-10 07:29:39.792--ServerSession(580436653)--Thread(Thread[Test worker,5,main])--The access type for the persistent class [class project3.app.shared.contacts.CommunicationType] is set to [FIELD].
[EL Config]: metadata: 2016-02-10 07:29:39.792--ServerSession(580436653)--Thread(Thread[Test worker,5,main])--The access type for the persistent class [class project3.app.shared.location.State] is set to [FIELD].
[EL Config]: metadata: 2016-02-10 07:29:39.793--ServerSession(580436653)--Thread(Thread[Test worker,5,main])--The access type for the persistent class [class project3.app.shared.authentication.LoginSession] is set to [FIELD].
[EL Config]: metadata: 2016-02-10 07:29:39.794--ServerSession(580436653)--Thread(Thread[Test worker,5,main])--The access type for the persistent class [class project3.app.shared.authentication.Question] is set to [FIELD].
[EL Config]: metadata: 2016-02-10 07:29:39.794--ServerSession(580436653)--Thread(Thread[Test worker,5,main])--The access type for the persistent class [class com.spartan.healthmeter.entity.ZenRequestDetails] is set to [FIELD].
[EL Config]: metadata: 2016-02-10 07:29:39.795--ServerSession(580436653)--Thread(Thread[Test worker,5,main])--The access type for the persistent class [class com.spartan.healthmeter.entity.ArtHealthSchedulerConfiguration] is set to [FIELD].
[EL Config]: metadata: 2016-02-10 07:29:39.795--ServerSession(580436653)--Thread(Thread[Test worker,5,main])--The access type for the persistent class [class com.athena.scheduler.entity.ArtJobDetails] is set to [FIELD].
[EL Config]: metadata: 2016-02-10 07:29:39.795--ServerSession(580436653)--Thread(Thread[Test worker,5,main])--The target entity (reference) class for the one to one mapping element [field artScheduleConfig] is being defaulted to: class com.athena.scheduler.entity.ArtScheduleConfig.
[EL Config]: metadata: 2016-02-10 07:29:39.796--ServerSession(580436653)--Thread(Thread[Test worker,5,main])--The access type for the persistent class [class com.athena.shared.entity.report.ArtReportBuilderDetails] is set to [FIELD].
[EL Config]: metadata: 2016-02-10 07:29:39.797--ServerSession(580436653)--Thread(Thread[Test worker,5,main])--The access type for the persistent class [class com.athena.cloud.shared.entity.CloudDriveTagFiles] is set to [FIELD].
[EL Config]: metadata: 2016-02-10 07:29:39.797--ServerSession(580436653)--Thread(Thread[Test worker,5,main])--The target entity (reference) class for the one to one mapping element [field tags] is being defaulted to: class com.athena.cloud.shared.entity.CloudDriveTags.
[EL Config]: metadata: 2016-02-10 07:29:39.797--ServerSession(580436653)--Thread(Thread[Test worker,5,main])--The target entity (reference) class for the one to one mapping element [field file] is being defaulted to: class com.athena.cloud.shared.entity.CloudDriveFiles.
[EL Config]: metadata: 2016-02-10 07:29:39.797--ServerSession(580436653)--Thread(Thread[Test worker,5,main])--The access type for the persistent class [class project3.app.shared.authorization.Roles] is set to [FIELD].
[EL Config]: metadata: 2016-02-10 07:29:39.798--ServerSession(580436653)--Thread(Thread[Test worker,5,main])--The target entity (reference) class for the one to many mapping element [field roleMenuBridge] is being defaulted to: class project3.app.shared.authorization.RoleMenuBridge.
[EL Config]: metadata: 2016-02-10 07:29:39.798--ServerSession(580436653)--Thread(Thread[Test worker,5,main])--The access type for the persistent class [class com.spartan.healthmeter.entity.ZenHealthCounter] is set to [FIELD].
[EL Config]: metadata: 2016-02-10 07:29:39.799--ServerSession(580436653)--Thread(Thread[Test worker,5,main])--The access type for the persistent class [class com.spartan.healthmeter.entity.ZenHealth] is set to [FIELD].
[EL Config]: metadata: 2016-02-10 07:29:39.8--ServerSession(580436653)--Thread(Thread[Test worker,5,main])--The access type for the persistent class [class com.athena.shared.entity.report.ArtChartDataFieldJson] is set to [FIELD].
[EL Config]: metadata: 2016-02-10 07:29:39.801--ServerSession(580436653)--Thread(Thread[Test worker,5,main])--The access type for the persistent class [class com.athena.shared.entity.report.ArtReportUI] is set to [FIELD].
[EL Config]: metadata: 2016-02-10 07:29:39.802--ServerSession(580436653)--Thread(Thread[Test worker,5,main])--The access type for the persistent class [class project3.app.shared.authentication.PassRecovery] is set to [FIELD].
[EL Config]: metadata: 2016-02-10 07:29:39.802--ServerSession(580436653)--Thread(Thread[Test worker,5,main])--The target entity (reference) class for the one to one mapping element [field user] is being defaulted to: class project3.app.shared.authentication.User.
[EL Config]: metadata: 2016-02-10 07:29:39.802--ServerSession(580436653)--Thread(Thread[Test worker,5,main])--The access type for the persistent class [class project3.app.shared.authentication.PasswordAlgo] is set to [FIELD].
[EL Config]: metadata: 2016-02-10 07:29:39.803--ServerSession(580436653)--Thread(Thread[Test worker,5,main])--The access type for the persistent class [class project3.app.shared.contacts.ContactType] is set to [FIELD].
[EL Config]: metadata: 2016-02-10 07:29:39.803--ServerSession(580436653)--Thread(Thread[Test worker,5,main])--The access type for the persistent class [class com.athena.shared.entity.report.ArtService] is set to [FIELD].
[EL Config]: metadata: 2016-02-10 07:29:39.804--ServerSession(580436653)--Thread(Thread[Test worker,5,main])--The target entity (reference) class for the one to many mapping element [field artServiceOperations] is being defaulted to: class com.athena.shared.entity.report.ArtServiceOperation.
[EL Config]: metadata: 2016-02-10 07:29:39.804--ServerSession(580436653)--Thread(Thread[Test worker,5,main])--The access type for the persistent class [class com.athena.server.bean.EntityBean] is set to [FIELD].
[EL Config]: metadata: 2016-02-10 07:29:39.805--ServerSession(580436653)--Thread(Thread[Test worker,5,main])--The access type for the persistent class [class com.spartan.sprinkler.entity.ArtLogSeverity] is set to [FIELD].
[EL Config]: metadata: 2016-02-10 07:29:39.805--ServerSession(580436653)--Thread(Thread[Test worker,5,main])--The target entity (reference) class for the many to one mapping element [field logConfig] is being defaulted to: class com.spartan.sprinkler.entity.ArtLogConfig.
[EL Config]: metadata: 2016-02-10 07:29:39.805--ServerSession(580436653)--Thread(Thread[Test worker,5,main])--The access type for the persistent class [class com.spartan.sprinkler.entity.ArtLogConnectorAttributes] is set to [FIELD].
[EL Config]: metadata: 2016-02-10 07:29:39.806--ServerSession(580436653)--Thread(Thread[Test worker,5,main])--The target entity (reference) class for the many to one mapping element [field logConnector] is being defaulted to: class com.spartan.sprinkler.entity.ArtLogConnector.
[EL Config]: metadata: 2016-02-10 07:29:39.806--ServerSession(580436653)--Thread(Thread[Test worker,5,main])--The access type for the persistent class [class project3.app.shared.contacts.Gender] is set to [FIELD].
[EL Config]: metadata: 2016-02-10 07:29:39.807--ServerSession(580436653)--Thread(Thread[Test worker,5,main])--The access type for the persistent class [class com.athena.shared.entity.query.ArtDatabaseAggregate] is set to [FIELD].
[EL Config]: metadata: 2016-02-10 07:29:39.807--ServerSession(580436653)--Thread(Thread[Test worker,5,main])--The access type for the persistent class [class project3.app.shared.location.Country] is set to [FIELD].
[EL Config]: metadata: 2016-02-10 07:29:39.808--ServerSession(580436653)--Thread(Thread[Test worker,5,main])--The access type for the persistent class [class com.spartan.healthmeter.shared.EntityAudit] is set to [FIELD].
[EL Config]: metadata: 2016-02-10 07:29:39.809--ServerSession(580436653)--Thread(Thread[Test worker,5,main])--The access type for the persistent class [class project3.app.shared.EntityAudit] is set to [FIELD].
[EL Config]: metadata: 2016-02-10 07:29:39.809--ServerSession(580436653)--Thread(Thread[Test worker,5,main])--The access type for the persistent class [class project3.app.shared.SystemInfo] is set to [FIELD].
[EL Config]: metadata: 2016-02-10 07:29:39.81--ServerSession(580436653)--Thread(Thread[Test worker,5,main])--The access type for the persistent class [class com.spartan.healthmeter.shared.SystemInfo] is set to [FIELD].
[EL Config]: metadata: 2016-02-10 07:29:39.81--ServerSession(580436653)--Thread(Thread[Test worker,5,main])--The access type for the persistent class [class com.athena.scheduler.entity.SystemInfo] is set to [FIELD].
[EL Config]: metadata: 2016-02-10 07:29:39.81--ServerSession(580436653)--Thread(Thread[Test worker,5,main])--The access type for the persistent class [class com.athena.scheduler.entity.EntityAudit] is set to [FIELD].
[EL Config]: metadata: 2016-02-10 07:29:39.819--ServerSession(580436653)--Thread(Thread[Test worker,5,main])--The alias name for the entity class [class com.athena.shared.entity.query.ArtQuery] is being defaulted to: ArtQuery.
[EL Config]: metadata: 2016-02-10 07:29:39.829--ServerSession(580436653)--Thread(Thread[Test worker,5,main])--The alias name for the entity class [class com.athena.shared.entity.query.ArtMenu] is being defaulted to: ArtMenu.
[EL Config]: metadata: 2016-02-10 07:29:39.831--ServerSession(580436653)--Thread(Thread[Test worker,5,main])--The alias name for the entity class [class com.athena.shared.entity.query.ArtTableEntityRelation] is being defaulted to: ArtTableEntityRelation.
[EL Config]: metadata: 2016-02-10 07:29:39.832--ServerSession(580436653)--Thread(Thread[Test worker,5,main])--The alias name for the entity class [class com.athena.cloud.shared.entity.CloudDriveTags] is being defaulted to: CloudDriveTags.
[EL Config]: metadata: 2016-02-10 07:29:39.834--ServerSession(580436653)--Thread(Thread[Test worker,5,main])--The alias name for the entity class [class project3.app.shared.authorization.UserRoleBridge] is being defaulted to: UserRoleBridge.
[EL Config]: metadata: 2016-02-10 07:29:39.838--ServerSession(580436653)--Thread(Thread[Test worker,5,main])--The alias name for the entity class [class com.athena.shared.entity.report.ArtServiceOperation] is being defaulted to: ArtServiceOperation.
[EL Config]: metadata: 2016-02-10 07:29:39.839--ServerSession(580436653)--Thread(Thread[Test worker,5,main])--The alias name for the entity class [class project3.app.shared.authorization.AppMenus] is being defaulted to: AppMenus.
[EL Config]: metadata: 2016-02-10 07:29:39.841--ServerSession(580436653)--Thread(Thread[Test worker,5,main])--The alias name for the entity class [class com.spartan.sprinkler.entity.ArtLogConfig] is being defaulted to: ArtLogConfig.
[EL Config]: metadata: 2016-02-10 07:29:39.841--ServerSession(580436653)--Thread(Thread[Test worker,5,main])--The alias name for the entity class [class com.athena.shared.entity.report.ArtChartTemplate] is being defaulted to: ArtChartTemplate.
[EL Config]: metadata: 2016-02-10 07:29:39.842--ServerSession(580436653)--Thread(Thread[Test worker,5,main])--The alias name for the entity class [class com.spartan.healthmeter.entity.ArtHealthStatusConfiguration] is being defaulted to: ArtHealthStatusConfiguration.
[EL Config]: metadata: 2016-02-10 07:29:39.843--ServerSession(580436653)--Thread(Thread[Test worker,5,main])--The alias name for the entity class [class project3.app.shared.contacts.CommunicationData] is being defaulted to: CommunicationData.
[EL Config]: metadata: 2016-02-10 07:29:39.844--ServerSession(580436653)--Thread(Thread[Test worker,5,main])--The alias name for the entity class [class com.spartan.sprinkler.entity.ArtLogModule] is being defaulted to: ArtLogModule.
[EL Config]: metadata: 2016-02-10 07:29:39.844--ServerSession(580436653)--Thread(Thread[Test worker,5,main])--The alias name for the entity class [class com.spartan.sprinkler.entity.ArtAppAlarm] is being defaulted to: ArtAppAlarm.
[EL Config]: metadata: 2016-02-10 07:29:39.845--ServerSession(580436653)--Thread(Thread[Test worker,5,main])--The alias name for the entity class [class com.athena.cloud.shared.entity.CloudDriveFiles] is being defaulted to: CloudDriveFiles.
[EL Config]: metadata: 2016-02-10 07:29:39.845--ServerSession(580436653)--Thread(Thread[Test worker,5,main])--The alias name for the entity class [class com.athena.shared.entity.query.ArtTableDetails] is being defaulted to: ArtTableDetails.
[EL Config]: metadata: 2016-02-10 07:29:39.846--ServerSession(580436653)--Thread(Thread[Test worker,5,main])--The alias name for the entity class [class project3.app.shared.contacts.Title] is being defaulted to: Title.
[EL Config]: metadata: 2016-02-10 07:29:39.847--ServerSession(580436653)--Thread(Thread[Test worker,5,main])--The alias name for the entity class [class project3.app.shared.location.Timezone] is being defaulted to: Timezone.
[EL Config]: metadata: 2016-02-10 07:29:39.847--ServerSession(580436653)--Thread(Thread[Test worker,5,main])--The alias name for the entity class [class com.athena.shared.entity.report.ArtChartCategory] is being defaulted to: ArtChartCategory.
[EL Config]: metadata: 2016-02-10 07:29:39.848--ServerSession(580436653)--Thread(Thread[Test worker,5,main])--The alias name for the entity class [class project3.app.shared.authentication.UserData] is being defaulted to: UserData.
[EL Config]: metadata: 2016-02-10 07:29:39.849--ServerSession(580436653)--Thread(Thread[Test worker,5,main])--The alias name for the entity class [class com.athena.shared.entity.report.ArtChartJson] is being defaulted to: ArtChartJson.
[EL Config]: metadata: 2016-02-10 07:29:39.849--ServerSession(580436653)--Thread(Thread[Test worker,5,main])--The alias name for the entity class [class com.spartan.sprinkler.entity.ArtLoggingProperties] is being defaulted to: ArtLoggingProperties.
[EL Config]: metadata: 2016-02-10 07:29:39.85--ServerSession(580436653)--Thread(Thread[Test worker,5,main])--The alias name for the entity class [class com.spartan.healthmeter.entity.ZenHealthGauge] is being defaulted to: ZenHealthGauge.
[EL Config]: metadata: 2016-02-10 07:29:39.851--ServerSession(580436653)--Thread(Thread[Test worker,5,main])--The alias name for the entity class [class com.athena.cloud.shared.entity.CloudDriveContentType] is being defaulted to: CloudDriveContentType.
[EL Config]: metadata: 2016-02-10 07:29:39.852--ServerSession(580436653)--Thread(Thread[Test worker,5,main])--The alias name for the entity class [class com.athena.shared.entity.report.ArtChartProperties] is being defaulted to: ArtChartProperties.
[EL Config]: metadata: 2016-02-10 07:29:39.854--ServerSession(580436653)--Thread(Thread[Test worker,5,main])--The alias name for the entity class [class project3.app.shared.authentication.User] is being defaulted to: User.
[EL Config]: metadata: 2016-02-10 07:29:39.855--ServerSession(580436653)--Thread(Thread[Test worker,5,main])--The alias name for the entity class [class com.athena.shared.entity.query.ArtUserLastStatus] is being defaulted to: ArtUserLastStatus.
[EL Config]: metadata: 2016-02-10 07:29:39.856--ServerSession(580436653)--Thread(Thread[Test worker,5,main])--The alias name for the entity class [class com.athena.shared.entity.query.ArtMasterForm] is being defaulted to: ArtMasterForm.
[EL Config]: metadata: 2016-02-10 07:29:39.857--ServerSession(580436653)--Thread(Thread[Test worker,5,main])--The alias name for the entity class [class com.athena.cloud.shared.entity.CloudDriveTagShared] is being defaulted to: CloudDriveTagShared.
[EL Config]: metadata: 2016-02-10 07:29:39.858--ServerSession(580436653)--Thread(Thread[Test worker,5,main])--The column name for element [id] is being defaulted to: ID.
[EL Config]: metadata: 2016-02-10 07:29:39.859--ServerSession(580436653)--Thread(Thread[Test worker,5,main])--The alias name for the entity class [class com.athena.shared.entity.query.ArtUserMenu] is being defaulted to: ArtUserMenu.
[EL Warning]: metadata: 2016-02-10 07:29:39.86--ServerSession(580436653)--Thread(Thread[Test worker,5,main])--You have specified multiple ids for the entity class [com.athena.shared.entity.query.ArtUserMenu] without specifying an @IdClass. By doing this you may lose the ability to find by identity, distributed cache support etc. Note: You may however use entity manager find operations by passing a list of primary key fields. Else, you will have to use JPQL queries to read your entities. For other id options see @PrimaryKey.
[EL Config]: metadata: 2016-02-10 07:29:39.86--ServerSession(580436653)--Thread(Thread[Test worker,5,main])--The alias name for the entity class [class project3.app.shared.authentication.UserAccessDomain] is being defaulted to: UserAccessDomain.
[EL Config]: metadata: 2016-02-10 07:29:39.86--ServerSession(580436653)--Thread(Thread[Test worker,5,main])--The alias name for the entity class [class project3.app.shared.contacts.CommunicationGroup] is being defaulted to: CommunicationGroup.
[EL Config]: metadata: 2016-02-10 07:29:39.861--ServerSession(580436653)--Thread(Thread[Test worker,5,main])--The alias name for the entity class [class project3.app.shared.location.Language] is being defaulted to: Language.
[EL Config]: metadata: 2016-02-10 07:29:39.862--ServerSession(580436653)--Thread(Thread[Test worker,5,main])--The alias name for the entity class [class com.spartan.healthmeter.entity.HealthSchedulerConfiguration] is being defaulted to: HealthSchedulerConfiguration.
[EL Config]: metadata: 2016-02-10 07:29:39.862--ServerSession(580436653)--Thread(Thread[Test worker,5,main])--The alias name for the entity class [class com.athena.scheduler.entity.ArtScheduleConfig] is being defaulted to: ArtScheduleConfig.
[EL Config]: metadata: 2016-02-10 07:29:39.866--ServerSession(580436653)--Thread(Thread[Test worker,5,main])--The alias name for the entity class [class com.athena.cloud.shared.entity.CloudDriveFileVersion] is being defaulted to: CloudDriveFileVersion.
[EL Config]: metadata: 2016-02-10 07:29:39.866--ServerSession(580436653)--Thread(Thread[Test worker,5,main])--The alias name for the entity class [class com.spartan.healthmeter.entity.ZenSchedulerHealth] is being defaulted to: ZenSchedulerHealth.
[EL Config]: metadata: 2016-02-10 07:29:39.868--ServerSession(580436653)--Thread(Thread[Test worker,5,main])--The alias name for the entity class [class com.athena.shared.entity.report.ArtChartType] is being defaulted to: ArtChartType.
[EL Config]: metadata: 2016-02-10 07:29:39.868--ServerSession(580436653)--Thread(Thread[Test worker,5,main])--The alias name for the entity class [class project3.app.shared.authentication.SessionData] is being defaulted to: SessionData.
[EL Config]: metadata: 2016-02-10 07:29:39.87--ServerSession(580436653)--Thread(Thread[Test worker,5,main])--The alias name for the entity class [class com.athena.shared.entity.query.ArtDatabaseFunction] is being defaulted to: ArtDatabaseFunction.
[EL Config]: metadata: 2016-02-10 07:29:39.87--ServerSession(580436653)--Thread(Thread[Test worker,5,main])--The alias name for the entity class [class com.spartan.shield.server.entity.AppSessionConfig] is being defaulted to: AppSessionConfig.
[EL Config]: metadata: 2016-02-10 07:29:39.87--ServerSession(580436653)--Thread(Thread[Test worker,5,main])--The alias name for the entity class [class com.athena.shared.entity.report.ArtChartPropLanguage] is being defaulted to: ArtChartPropLanguage.
[EL Config]: metadata: 2016-02-10 07:29:39.871--ServerSession(580436653)--Thread(Thread[Test worker,5,main])--The alias name for the entity class [class project3.app.shared.contacts.CoreContacts] is being defaulted to: CoreContacts.
[EL Config]: metadata: 2016-02-10 07:29:39.872--ServerSession(580436653)--Thread(Thread[Test worker,5,main])--The alias name for the entity class [class com.athena.shared.entity.report.ArtLangMaster] is being defaulted to: ArtLangMaster.
[EL Config]: metadata: 2016-02-10 07:29:39.872--ServerSession(580436653)--Thread(Thread[Test worker,5,main])--The alias name for the entity class [class project3.app.shared.location.City] is being defaulted to: City.
[EL Config]: metadata: 2016-02-10 07:29:39.873--ServerSession(580436653)--Thread(Thread[Test worker,5,main])--The alias name for the entity class [class project3.app.shared.authentication.Login] is being defaulted to: Login.
[EL Config]: metadata: 2016-02-10 07:29:39.874--ServerSession(580436653)--Thread(Thread[Test worker,5,main])--The alias name for the entity class [class project3.app.shared.authentication.PasswordPolicy] is being defaulted to: PasswordPolicy.
[EL Config]: metadata: 2016-02-10 07:29:39.874--ServerSession(580436653)--Thread(Thread[Test worker,5,main])--The alias name for the entity class [class com.athena.shared.entity.query.ArtDatabaseOperators] is being defaulted to: ArtDatabaseOperators.
[EL Config]: metadata: 2016-02-10 07:29:39.875--ServerSession(580436653)--Thread(Thread[Test worker,5,main])--The alias name for the entity class [class com.spartan.sprinkler.entity.ArtLogConnector] is being defaulted to: ArtLogConnector.
[EL Config]: metadata: 2016-02-10 07:29:39.876--ServerSession(580436653)--Thread(Thread[Test worker,5,main])--The alias name for the entity class [class project3.app.shared.location.AddressType] is being defaulted to: AddressType.
[EL Config]: metadata: 2016-02-10 07:29:39.876--ServerSession(580436653)--Thread(Thread[Test worker,5,main])--The alias name for the entity class [class com.athena.cloud.shared.entity.CloudDriveFileShared] is being defaulted to: CloudDriveFileShared.
[EL Config]: metadata: 2016-02-10 07:29:39.877--ServerSession(580436653)--Thread(Thread[Test worker,5,main])--The column name for element [id] is being defaulted to: ID.
[EL Config]: metadata: 2016-02-10 07:29:39.877--ServerSession(580436653)--Thread(Thread[Test worker,5,main])--The alias name for the entity class [class project3.app.shared.authorization.RoleMenuBridge] is being defaulted to: RoleMenuBridge.
[EL Config]: metadata: 2016-02-10 07:29:39.878--ServerSession(580436653)--Thread(Thread[Test worker,5,main])--The alias name for the entity class [class project3.app.shared.location.Address] is being defaulted to: Address.
[EL Config]: metadata: 2016-02-10 07:29:39.879--ServerSession(580436653)--Thread(Thread[Test worker,5,main])--The alias name for the entity class [class com.spartan.healthmeter.entity.ZenHealthStatus] is being defaulted to: ZenHealthStatus.
[EL Config]: metadata: 2016-02-10 07:29:39.879--ServerSession(580436653)--Thread(Thread[Test worker,5,main])--The alias name for the entity class [class com.athena.cloud.shared.entity.CloudDriveDefaultTags] is being defaulted to: CloudDriveDefaultTags.
[EL Config]: metadata: 2016-02-10 07:29:39.88--ServerSession(580436653)--Thread(Thread[Test worker,5,main])--The alias name for the entity class [class com.athena.shared.entity.query.ArtTableFieldDetails] is being defaulted to: ArtTableFieldDetails.
[EL Config]: metadata: 2016-02-10 07:29:39.881--ServerSession(580436653)--Thread(Thread[Test worker,5,main])--The alias name for the entity class [class project3.app.shared.authentication.UserAccessLevel] is being defaulted to: UserAccessLevel.
[EL Config]: metadata: 2016-02-10 07:29:39.882--ServerSession(580436653)--Thread(Thread[Test worker,5,main])--The alias name for the entity class [class project3.app.shared.contacts.CommunicationType] is being defaulted to: CommunicationType.
[EL Config]: metadata: 2016-02-10 07:29:39.882--ServerSession(580436653)--Thread(Thread[Test worker,5,main])--The alias name for the entity class [class project3.app.shared.location.State] is being defaulted to: State.
[EL Config]: metadata: 2016-02-10 07:29:39.883--ServerSession(580436653)--Thread(Thread[Test worker,5,main])--The alias name for the entity class [class project3.app.shared.authentication.LoginSession] is being defaulted to: LoginSession.
[EL Config]: metadata: 2016-02-10 07:29:39.884--ServerSession(580436653)--Thread(Thread[Test worker,5,main])--The alias name for the entity class [class project3.app.shared.authentication.Question] is being defaulted to: Question.
[EL Config]: metadata: 2016-02-10 07:29:39.884--ServerSession(580436653)--Thread(Thread[Test worker,5,main])--The alias name for the entity class [class com.spartan.healthmeter.entity.ZenRequestDetails] is being defaulted to: ZenRequestDetails.
[EL Config]: metadata: 2016-02-10 07:29:39.885--ServerSession(580436653)--Thread(Thread[Test worker,5,main])--The alias name for the entity class [class com.spartan.healthmeter.entity.ArtHealthSchedulerConfiguration] is being defaulted to: ArtHealthSchedulerConfiguration.
[EL Config]: metadata: 2016-02-10 07:29:39.886--ServerSession(580436653)--Thread(Thread[Test worker,5,main])--The alias name for the entity class [class com.athena.scheduler.entity.ArtJobDetails] is being defaulted to: ArtJobDetails.
[EL Config]: metadata: 2016-02-10 07:29:39.886--ServerSession(580436653)--Thread(Thread[Test worker,5,main])--The column name for element [statusTime] is being defaulted to: STATUSTIME.
[EL Config]: metadata: 2016-02-10 07:29:39.886--ServerSession(580436653)--Thread(Thread[Test worker,5,main])--The alias name for the entity class [class com.athena.shared.entity.report.ArtReportBuilderDetails] is being defaulted to: ArtReportBuilderDetails.
[EL Config]: metadata: 2016-02-10 07:29:39.887--ServerSession(580436653)--Thread(Thread[Test worker,5,main])--The alias name for the entity class [class com.athena.cloud.shared.entity.CloudDriveTagFiles] is being defaulted to: CloudDriveTagFiles.
[EL Config]: metadata: 2016-02-10 07:29:39.888--ServerSession(580436653)--Thread(Thread[Test worker,5,main])--The column name for element [id] is being defaulted to: ID.
[EL Config]: metadata: 2016-02-10 07:29:39.888--ServerSession(580436653)--Thread(Thread[Test worker,5,main])--The alias name for the entity class [class project3.app.shared.authorization.Roles] is being defaulted to: Roles.
[EL Config]: metadata: 2016-02-10 07:29:39.888--ServerSession(580436653)--Thread(Thread[Test worker,5,main])--The alias name for the entity class [class com.spartan.healthmeter.entity.ZenHealthCounter] is being defaulted to: ZenHealthCounter.
[EL Config]: metadata: 2016-02-10 07:29:39.889--ServerSession(580436653)--Thread(Thread[Test worker,5,main])--The alias name for the entity class [class com.spartan.healthmeter.entity.ZenHealth] is being defaulted to: ZenHealth.
[EL Config]: metadata: 2016-02-10 07:29:39.891--ServerSession(580436653)--Thread(Thread[Test worker,5,main])--The alias name for the entity class [class com.athena.shared.entity.report.ArtChartDataFieldJson] is being defaulted to: ArtChartDataFieldJson.
[EL Config]: metadata: 2016-02-10 07:29:39.891--ServerSession(580436653)--Thread(Thread[Test worker,5,main])--The alias name for the entity class [class com.athena.shared.entity.report.ArtReportUI] is being defaulted to: ArtReportUI.
[EL Config]: metadata: 2016-02-10 07:29:39.892--ServerSession(580436653)--Thread(Thread[Test worker,5,main])--The alias name for the entity class [class project3.app.shared.authentication.PassRecovery] is being defaulted to: PassRecovery.
[EL Config]: metadata: 2016-02-10 07:29:39.893--ServerSession(580436653)--Thread(Thread[Test worker,5,main])--The alias name for the entity class [class project3.app.shared.authentication.PasswordAlgo] is being defaulted to: PasswordAlgo.
[EL Config]: metadata: 2016-02-10 07:29:39.893--ServerSession(580436653)--Thread(Thread[Test worker,5,main])--The alias name for the entity class [class project3.app.shared.contacts.ContactType] is being defaulted to: ContactType.
[EL Config]: metadata: 2016-02-10 07:29:39.894--ServerSession(580436653)--Thread(Thread[Test worker,5,main])--The alias name for the entity class [class com.athena.shared.entity.report.ArtService] is being defaulted to: ArtService.
[EL Config]: metadata: 2016-02-10 07:29:39.895--ServerSession(580436653)--Thread(Thread[Test worker,5,main])--The alias name for the entity class [class com.athena.server.bean.EntityBean] is being defaulted to: EntityBean.
[EL Config]: metadata: 2016-02-10 07:29:39.895--ServerSession(580436653)--Thread(Thread[Test worker,5,main])--The table name for entity [class com.athena.server.bean.EntityBean] is being defaulted to: ENTITYBEAN.
[EL Config]: metadata: 2016-02-10 07:29:39.895--ServerSession(580436653)--Thread(Thread[Test worker,5,main])--The column name for element [id] is being defaulted to: ID.
[EL Config]: metadata: 2016-02-10 07:29:39.895--ServerSession(580436653)--Thread(Thread[Test worker,5,main])--The column name for element [name] is being defaulted to: NAME.
[EL Config]: metadata: 2016-02-10 07:29:39.896--ServerSession(580436653)--Thread(Thread[Test worker,5,main])--The column name for element [fields] is being defaulted to: FIELDS.
[EL Config]: metadata: 2016-02-10 07:29:39.897--ServerSession(580436653)--Thread(Thread[Test worker,5,main])--The alias name for the entity class [class com.spartan.sprinkler.entity.ArtLogSeverity] is being defaulted to: ArtLogSeverity.
[EL Config]: metadata: 2016-02-10 07:29:39.898--ServerSession(580436653)--Thread(Thread[Test worker,5,main])--The alias name for the entity class [class com.spartan.sprinkler.entity.ArtLogConnectorAttributes] is being defaulted to: ArtLogConnectorAttributes.
[EL Config]: metadata: 2016-02-10 07:29:39.898--ServerSession(580436653)--Thread(Thread[Test worker,5,main])--The alias name for the entity class [class project3.app.shared.contacts.Gender] is being defaulted to: Gender.
[EL Config]: metadata: 2016-02-10 07:29:39.899--ServerSession(580436653)--Thread(Thread[Test worker,5,main])--The alias name for the entity class [class com.athena.shared.entity.query.ArtDatabaseAggregate] is being defaulted to: ArtDatabaseAggregate.
[EL Config]: metadata: 2016-02-10 07:29:39.899--ServerSession(580436653)--Thread(Thread[Test worker,5,main])--The alias name for the entity class [class project3.app.shared.location.Country] is being defaulted to: Country.
[EL Config]: metadata: 2016-02-10 07:29:39.91--ServerSession(580436653)--Thread(Thread[Test worker,5,main])--The primary key column name for the mapping element [field artservice] is being defaulted to: service_id.
[EL Config]: metadata: 2016-02-10 07:29:39.927--ServerSession(580436653)--Thread(Thread[Test worker,5,main])--The primary key column name for the mapping element [field contentType] is being defaulted to: file_mime_type.
[EL Config]: metadata: 2016-02-10 07:29:39.928--ServerSession(580436653)--Thread(Thread[Test worker,5,main])--The primary key column name for the mapping element [field file] is being defaulted to: file_id.
[EL Config]: metadata: 2016-02-10 07:29:39.93--ServerSession(580436653)--Thread(Thread[Test worker,5,main])--The primary key column name for the mapping element [field file] is being defaulted to: file_id.
[EL Config]: metadata: 2016-02-10 07:29:39.931--ServerSession(580436653)--Thread(Thread[Test worker,5,main])--The primary key column name for the mapping element [field file] is being defaulted to: file_id.
[EL Info]: 2016-02-10 07:29:40.873--ServerSession(580436653)--Thread(Thread[Test worker,5,main])--EclipseLink, version: Eclipse Persistence Services - 2.5.1.v20130918-f2b9fc5
[EL Fine]: connection: 2016-02-10 07:29:41.04--Thread(Thread[Test worker,5,main])--Detected database platform: org.eclipse.persistence.platform.database.MySQLPlatform
[EL Config]: connection: 2016-02-10 07:29:41.05--ServerSession(580436653)--Connection(1769834758)--Thread(Thread[Test worker,5,main])--connecting(DatabaseLogin(
	platform=>MySQLPlatform
	user name=> "project3"
	datasource URL=> "jdbc:mysql://localhost-MYSQL:3306/project3"
))
[EL Config]: connection: 2016-02-10 07:29:41.057--ServerSession(580436653)--Connection(1493993762)--Thread(Thread[Test worker,5,main])--Connected: jdbc:mysql://localhost-MYSQL:3306/project3
	User: project3@172.17.0.21
	Database: MySQL  Version: 5.7.7-rc
	Driver: MySQL Connector Java  Version: mysql-connector-java-5.1.31 ( Revision: alexander.soklakov@oracle.com-20140520065950-groqzzbvxprqdmnz )
[EL Config]: connection: 2016-02-10 07:29:41.057--ServerSession(580436653)--Connection(1174357210)--Thread(Thread[Test worker,5,main])--connecting(DatabaseLogin(
	platform=>MySQLPlatform
	user name=> "project3"
	datasource URL=> "jdbc:mysql://localhost-MYSQL:3306/project3"
))
[EL Config]: connection: 2016-02-10 07:29:41.063--ServerSession(580436653)--Connection(1088264538)--Thread(Thread[Test worker,5,main])--Connected: jdbc:mysql://localhost-MYSQL:3306/project3
	User: project3@172.17.0.21
	Database: MySQL  Version: 5.7.7-rc
	Driver: MySQL Connector Java  Version: mysql-connector-java-5.1.31 ( Revision: alexander.soklakov@oracle.com-20140520065950-groqzzbvxprqdmnz )
[EL Config]: connection: 2016-02-10 07:29:41.064--ServerSession(580436653)--Connection(343868667)--Thread(Thread[Test worker,5,main])--connecting(DatabaseLogin(
	platform=>MySQLPlatform
	user name=> "project3"
	datasource URL=> "jdbc:mysql://localhost-MYSQL:3306/project3"
))
[EL Config]: connection: 2016-02-10 07:29:41.069--ServerSession(580436653)--Connection(1611031837)--Thread(Thread[Test worker,5,main])--Connected: jdbc:mysql://localhost-MYSQL:3306/project3
	User: project3@172.17.0.21
	Database: MySQL  Version: 5.7.7-rc
	Driver: MySQL Connector Java  Version: mysql-connector-java-5.1.31 ( Revision: alexander.soklakov@oracle.com-20140520065950-groqzzbvxprqdmnz )
[EL Config]: connection: 2016-02-10 07:29:41.069--ServerSession(580436653)--Connection(1138263083)--Thread(Thread[Test worker,5,main])--connecting(DatabaseLogin(
	platform=>MySQLPlatform
	user name=> "project3"
	datasource URL=> "jdbc:mysql://localhost-MYSQL:3306/project3"
))
[EL Config]: connection: 2016-02-10 07:29:41.076--ServerSession(580436653)--Connection(1913091749)--Thread(Thread[Test worker,5,main])--Connected: jdbc:mysql://localhost-MYSQL:3306/project3
	User: project3@172.17.0.21
	Database: MySQL  Version: 5.7.7-rc
	Driver: MySQL Connector Java  Version: mysql-connector-java-5.1.31 ( Revision: alexander.soklakov@oracle.com-20140520065950-groqzzbvxprqdmnz )
[EL Config]: connection: 2016-02-10 07:29:41.076--ServerSession(580436653)--Connection(1207862559)--Thread(Thread[Test worker,5,main])--connecting(DatabaseLogin(
	platform=>MySQLPlatform
	user name=> "project3"
	datasource URL=> "jdbc:mysql://localhost-MYSQL:3306/project3"
))
[EL Config]: connection: 2016-02-10 07:29:41.083--ServerSession(580436653)--Connection(1133875886)--Thread(Thread[Test worker,5,main])--Connected: jdbc:mysql://localhost-MYSQL:3306/project3
	User: project3@172.17.0.21
	Database: MySQL  Version: 5.7.7-rc
	Driver: MySQL Connector Java  Version: mysql-connector-java-5.1.31 ( Revision: alexander.soklakov@oracle.com-20140520065950-groqzzbvxprqdmnz )
[EL Config]: connection: 2016-02-10 07:29:41.084--ServerSession(580436653)--Connection(282132524)--Thread(Thread[Test worker,5,main])--connecting(DatabaseLogin(
	platform=>MySQLPlatform
	user name=> "project3"
	datasource URL=> "jdbc:mysql://localhost-MYSQL:3306/project3"
))
[EL Config]: connection: 2016-02-10 07:29:41.089--ServerSession(580436653)--Connection(672601104)--Thread(Thread[Test worker,5,main])--Connected: jdbc:mysql://localhost-MYSQL:3306/project3
	User: project3@172.17.0.21
	Database: MySQL  Version: 5.7.7-rc
	Driver: MySQL Connector Java  Version: mysql-connector-java-5.1.31 ( Revision: alexander.soklakov@oracle.com-20140520065950-groqzzbvxprqdmnz )
[EL Config]: connection: 2016-02-10 07:29:41.089--ServerSession(580436653)--Connection(52837120)--Thread(Thread[Test worker,5,main])--connecting(DatabaseLogin(
	platform=>MySQLPlatform
	user name=> "project3"
	datasource URL=> "jdbc:mysql://localhost-MYSQL:3306/project3"
))
[EL Config]: connection: 2016-02-10 07:29:41.095--ServerSession(580436653)--Connection(69318086)--Thread(Thread[Test worker,5,main])--Connected: jdbc:mysql://localhost-MYSQL:3306/project3
	User: project3@172.17.0.21
	Database: MySQL  Version: 5.7.7-rc
	Driver: MySQL Connector Java  Version: mysql-connector-java-5.1.31 ( Revision: alexander.soklakov@oracle.com-20140520065950-groqzzbvxprqdmnz )
[EL Config]: connection: 2016-02-10 07:29:41.095--ServerSession(580436653)--Connection(1092934728)--Thread(Thread[Test worker,5,main])--connecting(DatabaseLogin(
	platform=>MySQLPlatform
	user name=> "project3"
	datasource URL=> "jdbc:mysql://localhost-MYSQL:3306/project3"
))
[EL Config]: connection: 2016-02-10 07:29:41.101--ServerSession(580436653)--Connection(1521235735)--Thread(Thread[Test worker,5,main])--Connected: jdbc:mysql://localhost-MYSQL:3306/project3
	User: project3@172.17.0.21
	Database: MySQL  Version: 5.7.7-rc
	Driver: MySQL Connector Java  Version: mysql-connector-java-5.1.31 ( Revision: alexander.soklakov@oracle.com-20140520065950-groqzzbvxprqdmnz )
[EL Config]: connection: 2016-02-10 07:29:41.101--ServerSession(580436653)--Connection(1616180610)--Thread(Thread[Test worker,5,main])--connecting(DatabaseLogin(
	platform=>MySQLPlatform
	user name=> "project3"
	datasource URL=> "jdbc:mysql://localhost-MYSQL:3306/project3"
))
[EL Config]: connection: 2016-02-10 07:29:41.107--ServerSession(580436653)--Connection(1608066834)--Thread(Thread[Test worker,5,main])--Connected: jdbc:mysql://localhost-MYSQL:3306/project3
	User: project3@172.17.0.21
	Database: MySQL  Version: 5.7.7-rc
	Driver: MySQL Connector Java  Version: mysql-connector-java-5.1.31 ( Revision: alexander.soklakov@oracle.com-20140520065950-groqzzbvxprqdmnz )
[EL Config]: connection: 2016-02-10 07:29:41.107--ServerSession(580436653)--Connection(697581543)--Thread(Thread[Test worker,5,main])--connecting(DatabaseLogin(
	platform=>MySQLPlatform
	user name=> "project3"
	datasource URL=> "jdbc:mysql://localhost-MYSQL:3306/project3"
))
[EL Config]: connection: 2016-02-10 07:29:41.113--ServerSession(580436653)--Connection(1146387613)--Thread(Thread[Test worker,5,main])--Connected: jdbc:mysql://localhost-MYSQL:3306/project3
	User: project3@172.17.0.21
	Database: MySQL  Version: 5.7.7-rc
	Driver: MySQL Connector Java  Version: mysql-connector-java-5.1.31 ( Revision: alexander.soklakov@oracle.com-20140520065950-groqzzbvxprqdmnz )
[EL Config]: connection: 2016-02-10 07:29:41.113--ServerSession(580436653)--Connection(113330807)--Thread(Thread[Test worker,5,main])--connecting(DatabaseLogin(
	platform=>MySQLPlatform
	user name=> "project3"
	datasource URL=> "jdbc:mysql://localhost-MYSQL:3306/project3"
))
[EL Config]: connection: 2016-02-10 07:29:41.118--ServerSession(580436653)--Connection(2059612330)--Thread(Thread[Test worker,5,main])--Connected: jdbc:mysql://localhost-MYSQL:3306/project3
	User: project3@172.17.0.21
	Database: MySQL  Version: 5.7.7-rc
	Driver: MySQL Connector Java  Version: mysql-connector-java-5.1.31 ( Revision: alexander.soklakov@oracle.com-20140520065950-groqzzbvxprqdmnz )
[EL Config]: connection: 2016-02-10 07:29:41.119--ServerSession(580436653)--Connection(615524317)--Thread(Thread[Test worker,5,main])--connecting(DatabaseLogin(
	platform=>MySQLPlatform
	user name=> "project3"
	datasource URL=> "jdbc:mysql://localhost-MYSQL:3306/project3"
))
[EL Config]: connection: 2016-02-10 07:29:41.124--ServerSession(580436653)--Connection(1993084527)--Thread(Thread[Test worker,5,main])--Connected: jdbc:mysql://localhost-MYSQL:3306/project3
	User: project3@172.17.0.21
	Database: MySQL  Version: 5.7.7-rc
	Driver: MySQL Connector Java  Version: mysql-connector-java-5.1.31 ( Revision: alexander.soklakov@oracle.com-20140520065950-groqzzbvxprqdmnz )
[EL Config]: connection: 2016-02-10 07:29:41.125--ServerSession(580436653)--Connection(1321719383)--Thread(Thread[Test worker,5,main])--connecting(DatabaseLogin(
	platform=>MySQLPlatform
	user name=> "project3"
	datasource URL=> "jdbc:mysql://localhost-MYSQL:3306/project3"
))
[EL Config]: connection: 2016-02-10 07:29:41.13--ServerSession(580436653)--Connection(676514942)--Thread(Thread[Test worker,5,main])--Connected: jdbc:mysql://localhost-MYSQL:3306/project3
	User: project3@172.17.0.21
	Database: MySQL  Version: 5.7.7-rc
	Driver: MySQL Connector Java  Version: mysql-connector-java-5.1.31 ( Revision: alexander.soklakov@oracle.com-20140520065950-groqzzbvxprqdmnz )
[EL Config]: connection: 2016-02-10 07:29:41.131--ServerSession(580436653)--Connection(1408202976)--Thread(Thread[Test worker,5,main])--connecting(DatabaseLogin(
	platform=>MySQLPlatform
	user name=> "project3"
	datasource URL=> "jdbc:mysql://localhost-MYSQL:3306/project3"
))
[EL Config]: connection: 2016-02-10 07:29:41.136--ServerSession(580436653)--Connection(513496057)--Thread(Thread[Test worker,5,main])--Connected: jdbc:mysql://localhost-MYSQL:3306/project3
	User: project3@172.17.0.21
	Database: MySQL  Version: 5.7.7-rc
	Driver: MySQL Connector Java  Version: mysql-connector-java-5.1.31 ( Revision: alexander.soklakov@oracle.com-20140520065950-groqzzbvxprqdmnz )
[EL Config]: connection: 2016-02-10 07:29:41.137--ServerSession(580436653)--Connection(1738936353)--Thread(Thread[Test worker,5,main])--connecting(DatabaseLogin(
	platform=>MySQLPlatform
	user name=> "project3"
	datasource URL=> "jdbc:mysql://localhost-MYSQL:3306/project3"
))
[EL Config]: connection: 2016-02-10 07:29:41.144--ServerSession(580436653)--Connection(1227343361)--Thread(Thread[Test worker,5,main])--Connected: jdbc:mysql://localhost-MYSQL:3306/project3
	User: project3@172.17.0.21
	Database: MySQL  Version: 5.7.7-rc
	Driver: MySQL Connector Java  Version: mysql-connector-java-5.1.31 ( Revision: alexander.soklakov@oracle.com-20140520065950-groqzzbvxprqdmnz )
[EL Config]: connection: 2016-02-10 07:29:41.144--ServerSession(580436653)--Connection(1227343361)--Thread(Thread[Test worker,5,main])--disconnect
[EL Warning]: metadata: 2016-02-10 07:29:41.154--ServerSession(580436653)--Thread(Thread[Test worker,5,main])--Reverting the lazy setting on the OneToOne or ManyToOne attribute [artScheduleConfig] for the entity class [class com.athena.scheduler.entity.ArtJobDetails] since weaving was not enabled or did not occur.
[EL Warning]: metadata: 2016-02-10 07:29:41.155--ServerSession(580436653)--Thread(Thread[Test worker,5,main])--Reverting the lazy setting on the OneToOne or ManyToOne attribute [timezone] for the entity class [class project3.app.shared.contacts.CoreContacts] since weaving was not enabled or did not occur.
[EL Warning]: metadata: 2016-02-10 07:29:41.163--ServerSession(580436653)--Thread(Thread[Test worker,5,main])--Reverting the lazy setting on the OneToOne or ManyToOne attribute [user] for the entity class [class project3.app.shared.authentication.UserData] since weaving was not enabled or did not occur.
[EL Warning]: metadata: 2016-02-10 07:29:41.163--ServerSession(580436653)--Thread(Thread[Test worker,5,main])--Reverting the lazy setting on the OneToOne or ManyToOne attribute [user] for the entity class [class project3.app.shared.authentication.PassRecovery] since weaving was not enabled or did not occur.
[EL Warning]: metadata: 2016-02-10 07:29:41.164--ServerSession(580436653)--Thread(Thread[Test worker,5,main])--Reverting the lazy setting on the OneToOne or ManyToOne attribute [artJobDetails] for the entity class [class com.athena.scheduler.entity.ArtScheduleConfig] since weaving was not enabled or did not occur.
[EL Warning]: metadata: 2016-02-10 07:29:41.165--ServerSession(580436653)--Thread(Thread[Test worker,5,main])--Reverting the lazy setting on the OneToOne or ManyToOne attribute [coreContacts] for the entity class [class project3.app.shared.authentication.Login] since weaving was not enabled or did not occur.
[EL Warning]: metadata: 2016-02-10 07:29:41.165--ServerSession(580436653)--Thread(Thread[Test worker,5,main])--Reverting the lazy setting on the OneToOne or ManyToOne attribute [user] for the entity class [class project3.app.shared.authentication.Login] since weaving was not enabled or did not occur.
[EL Warning]: metadata: 2016-02-10 07:29:41.167--ServerSession(580436653)--Thread(Thread[Test worker,5,main])--Reverting the lazy setting on the OneToOne or ManyToOne attribute [userData] for the entity class [class project3.app.shared.authentication.User] since weaving was not enabled or did not occur.
[EL Info]: connection: 2016-02-10 07:29:41.395--ServerSession(580436653)--Thread(Thread[Test worker,5,main])--file:/home/applifire/workspace/project3/build/resources/main_project3 login successful
[EL Fine]: sql: 2016-02-10 07:29:46.793--ClientSession(983545972)--Connection(513496057)--Thread(Thread[Test worker,5,main])--SELECT query_id, active_status, app_creator_id, created_by, created_date, hidden_name, jpql_query, name, project_id, project_version_id, query_json, query_type, sql_query, updated_by, updated_date, user_access, version_id FROM art_query WHERE ((active_status = ?) AND (sql_query IS NULL))
	bind => [true]
[EL Config]: connection: 2016-02-10 07:29:46.799--ServerSession(580436653)--Connection(513496057)--Thread(Thread[Test worker,5,main])--disconnect
Setting logged in user info for ADD
[EL Fine]: sql: 2016-02-10 07:29:51.759--ClientSession(1127664873)--Connection(676514942)--Thread(Thread[Test worker,5,main])--INSERT INTO ast_Gender_M (genderId, gender, versionId, createdBy, createdDate, updatedBy, updatedDate, activeStatus, txnAccessCode) VALUES (?, ?, ?, ?, ?, ?, ?, ?, ?)
	bind => [DE5F3EAA-B2C5-401D-A86D-3304DB480963, kBgDyG5Aq7GklLNFVIPCrylXmx6YvfmesUGFDMRMbByzqu61TG, 1, AAAAA, 2016-02-10 07:29:51.564, null, 2016-02-10 07:29:51.564, 1, 51000]
[EL Config]: connection: 2016-02-10 07:29:51.806--ServerSession(580436653)--Connection(676514942)--Thread(Thread[Test worker,5,main])--disconnect
[EL Fine]: sql: 2016-02-10 07:29:51.831--ClientSession(1196360312)--Connection(1993084527)--Thread(Thread[Test worker,5,main])--SELECT genderId, gender, versionId, createdBy, createdDate, updatedBy, updatedDate, activeStatus, txnAccessCode FROM ast_Gender_M WHERE ((activeStatus = ?) AND (genderId = ?))
	bind => [1, DE5F3EAA-B2C5-401D-A86D-3304DB480963]
[EL Config]: connection: 2016-02-10 07:29:51.838--ServerSession(580436653)--Connection(1993084527)--Thread(Thread[Test worker,5,main])--disconnect
Setting logged in user info for UPDATE
[EL Fine]: sql: 2016-02-10 07:29:51.859--ClientSession(1377112277)--Connection(2059612330)--Thread(Thread[Test worker,5,main])--SELECT genderId, gender, versionId, createdBy, createdDate, updatedBy, updatedDate, activeStatus, txnAccessCode FROM ast_Gender_M WHERE (genderId = ?)
	bind => [DE5F3EAA-B2C5-401D-A86D-3304DB480963]
[EL Fine]: sql: 2016-02-10 07:29:51.87--ClientSession(1377112277)--Connection(2059612330)--Thread(Thread[Test worker,5,main])--UPDATE ast_Gender_M SET gender = ?, updatedBy = ?, versionId = ? WHERE ((genderId = ?) AND (versionId = ?))
	bind => [FPY5f8sKq8QeJgjNcdhJzfqnQeQiwUHadnjFOIZUq2b0nSon25, AAAAA, 2, DE5F3EAA-B2C5-401D-A86D-3304DB480963, 1]
[EL Config]: connection: 2016-02-10 07:29:51.905--ServerSession(580436653)--Connection(2059612330)--Thread(Thread[Test worker,5,main])--disconnect
[EL Fine]: sql: 2016-02-10 07:29:51.924--ClientSession(1822161527)--Connection(1146387613)--Thread(Thread[Test worker,5,main])--SELECT genderId, gender, versionId, createdBy, createdDate, updatedBy, updatedDate, activeStatus, txnAccessCode FROM ast_Gender_M WHERE ((activeStatus = ?) AND (genderId = ?))
	bind => [1, DE5F3EAA-B2C5-401D-A86D-3304DB480963]
[EL Config]: connection: 2016-02-10 07:29:51.93--ServerSession(580436653)--Connection(1146387613)--Thread(Thread[Test worker,5,main])--disconnect
[EL Fine]: sql: 2016-02-10 07:29:51.952--ClientSession(1407112871)--Connection(1608066834)--Thread(Thread[Test worker,5,main])--SELECT genderId, gender, versionId, createdBy, createdDate, updatedBy, updatedDate, activeStatus, txnAccessCode FROM ast_Gender_M WHERE (genderId = ?)
	bind => [DE5F3EAA-B2C5-401D-A86D-3304DB480963]
[EL Fine]: sql: 2016-02-10 07:29:51.957--ClientSession(1407112871)--Connection(1608066834)--Thread(Thread[Test worker,5,main])--DELETE FROM ast_Gender_M WHERE ((genderId = ?) AND (versionId = ?))
	bind => [DE5F3EAA-B2C5-401D-A86D-3304DB480963, 2]
[EL Config]: connection: 2016-02-10 07:29:52.106--ServerSession(580436653)--Connection(1608066834)--Thread(Thread[Test worker,5,main])--disconnect
]]></system-out>
  <system-err><![CDATA[log4j:WARN No appenders could be found for logger (org.springframework.test.context.junit4.SpringJUnit4ClassRunner).
log4j:WARN Please initialize the log4j system properly.
log4j:WARN See http://logging.apache.org/log4j/1.2/faq.html#noconfig for more info.
SLF4J: Failed to load class "org.slf4j.impl.StaticLoggerBinder".
SLF4J: Defaulting to no-operation (NOP) logger implementation
SLF4J: See http://www.slf4j.org/codes.html#StaticLoggerBinder for further details.
]]></system-err>
</testsuite>
