<?xml version="1.0" encoding="UTF-8"?>
<testsuite name="project3.app.server.service.UserAccessLevelTestCase" tests="4" skipped="0" failures="0" errors="0" timestamp="2016-02-10T07:29:52" hostname="01043713de49" time="0.331">
  <properties/>
  <testcase name="test1Save" classname="project3.app.server.service.UserAccessLevelTestCase" time="0.109"/>
  <testcase name="test2Update" classname="project3.app.server.service.UserAccessLevelTestCase" time="0.055"/>
  <testcase name="test3FindById" classname="project3.app.server.service.UserAccessLevelTestCase" time="0.009"/>
  <testcase name="test4Delete" classname="project3.app.server.service.UserAccessLevelTestCase" time="0.156"/>
  <system-out><![CDATA[Setting logged in user info for ADD
[EL Fine]: sql: 2016-02-10 07:29:52.492--ClientSession(548818808)--Connection(672601104)--Thread(Thread[Test worker,5,main])--INSERT INTO ast_UserAccessLevel_M (userAccessLevelId, levelDescription, levelHelp, levelIcon, levelName, userAccessLevel, versionId, createdBy, createdDate, updatedBy, updatedDate, activeStatus, txnAccessCode) VALUES (?, ?, ?, ?, ?, ?, ?, ?, ?, ?, ?, ?, ?)
	bind => [BF349139-4D85-4ACD-AF20-59D52CECF622, NgXxHlxp6JMx6RaQGnmyVFUrwrLhgJ7JmbBTp5Wwn4EUPXP8wO, S2wS0XwcmavJAhcxvmWXRQLO2jEuy6HbKB0WO0BQYhKJpRJF1P, 43FRuO36gQEPEdbEOQp2II4p9ZL9CYLQe4Cq41BZ9dv4hoW2f4, HuxiMP087Q8v4jFMFT06e0jzpDrf9nkBjXKteFdg7jxhixm8nD, 66583, 1, AAAAA, 2016-02-10 07:29:52.445, null, 2016-02-10 07:29:52.445, 1, 51000]
[EL Fine]: sql: 2016-02-10 07:29:52.547--ClientSession(816395909)--Connection(672601104)--Thread(Thread[Test worker,5,main])--SELECT userAccessLevelId, levelDescription, levelHelp, levelIcon, levelName, userAccessLevel, versionId, createdBy, createdDate, updatedBy, updatedDate, activeStatus, txnAccessCode FROM ast_UserAccessLevel_M WHERE ((activeStatus = ?) AND (userAccessLevelId = ?))
	bind => [1, BF349139-4D85-4ACD-AF20-59D52CECF622]
Setting logged in user info for UPDATE
[EL Fine]: sql: 2016-02-10 07:29:52.551--ClientSession(298073763)--Connection(672601104)--Thread(Thread[Test worker,5,main])--SELECT userAccessLevelId, levelDescription, levelHelp, levelIcon, levelName, userAccessLevel, versionId, createdBy, createdDate, updatedBy, updatedDate, activeStatus, txnAccessCode FROM ast_UserAccessLevel_M WHERE (userAccessLevelId = ?)
	bind => [BF349139-4D85-4ACD-AF20-59D52CECF622]
[EL Fine]: sql: 2016-02-10 07:29:52.554--ClientSession(298073763)--Connection(672601104)--Thread(Thread[Test worker,5,main])--UPDATE ast_UserAccessLevel_M SET levelDescription = ?, levelHelp = ?, levelIcon = ?, levelName = ?, userAccessLevel = ?, updatedBy = ?, versionId = ? WHERE ((userAccessLevelId = ?) AND (versionId = ?))
	bind => [i62KDCuFR2Hfd5Hp89yFoFUSGavh9xQ5QD9uPdeAey4S39vFwl, aasdH74yts4PbzZDYmH3Ovy0N9X14TAAbttCjFd0Ib1V5lMt4n, J1mXxNI7JnRLFTXmtopxKTnZlClmHnfpd03iesEgpb2levnddP, pPm6WKFeij1pWsSGg6rG2MhBavuN4Q9ngCe9cMmvpwRKEH9xrm, 45012, AAAAA, 2, BF349139-4D85-4ACD-AF20-59D52CECF622, 1]
[EL Fine]: sql: 2016-02-10 07:29:52.601--ClientSession(1747204105)--Connection(672601104)--Thread(Thread[Test worker,5,main])--SELECT userAccessLevelId, levelDescription, levelHelp, levelIcon, levelName, userAccessLevel, versionId, createdBy, createdDate, updatedBy, updatedDate, activeStatus, txnAccessCode FROM ast_UserAccessLevel_M WHERE ((activeStatus = ?) AND (userAccessLevelId = ?))
	bind => [1, BF349139-4D85-4ACD-AF20-59D52CECF622]
[EL Fine]: sql: 2016-02-10 07:29:52.615--ClientSession(450555599)--Connection(672601104)--Thread(Thread[Test worker,5,main])--SELECT userAccessLevelId, levelDescription, levelHelp, levelIcon, levelName, userAccessLevel, versionId, createdBy, createdDate, updatedBy, updatedDate, activeStatus, txnAccessCode FROM ast_UserAccessLevel_M WHERE (userAccessLevelId = ?)
	bind => [BF349139-4D85-4ACD-AF20-59D52CECF622]
[EL Fine]: sql: 2016-02-10 07:29:52.619--ClientSession(450555599)--Connection(672601104)--Thread(Thread[Test worker,5,main])--DELETE FROM ast_UserAccessLevel_M WHERE ((userAccessLevelId = ?) AND (versionId = ?))
	bind => [BF349139-4D85-4ACD-AF20-59D52CECF622, 2]
]]></system-out>
  <system-err><![CDATA[]]></system-err>
</testsuite>
