<?xml version="1.0" encoding="UTF-8"?>
<testsuite name="project3.app.server.service.UserAccessDomainTestCase" tests="4" skipped="0" failures="0" errors="0" timestamp="2016-02-10T07:30:13" hostname="01043713de49" time="0.542">
  <properties/>
  <testcase name="test1Save" classname="project3.app.server.service.UserAccessDomainTestCase" time="0.13"/>
  <testcase name="test2Update" classname="project3.app.server.service.UserAccessDomainTestCase" time="0.222"/>
  <testcase name="test3FindById" classname="project3.app.server.service.UserAccessDomainTestCase" time="0.005"/>
  <testcase name="test4Delete" classname="project3.app.server.service.UserAccessDomainTestCase" time="0.185"/>
  <system-out><![CDATA[Setting logged in user info for ADD
[EL Fine]: sql: 2016-02-10 07:30:13.421--ClientSession(1607178454)--Connection(672601104)--Thread(Thread[Test worker,5,main])--INSERT INTO ast_UserAccessDomain_M (userAccessDomainId, domainDescription, domainHelp, domainIcon, domainName, userAccessDomain, versionId, createdBy, createdDate, updatedBy, updatedDate, activeStatus, txnAccessCode) VALUES (?, ?, ?, ?, ?, ?, ?, ?, ?, ?, ?, ?, ?)
	bind => [DF9DA1BC-6FEE-458C-94E8-9004FECDA03A, ag0tfBYdSQ10Iv156XqEgBvEugVinL7ZfJcasB1omBXSYPF6mR, XHJW8tbMqIQ6wrt8CUyREByPQiRY9tEGMPfxrKMvcgQwSrX8Uz, mLgxnhdMikVBL8TYxJ12L8Fzl6CFsKz9czt0MKul6COzhlX7xQ, lpLsnoe4tsUQPVMn6ow43GUyHTCe88hvkploeCidLJYBSaziKu, 14470, 1, AAAAA, 2016-02-10 07:30:13.414, null, 2016-02-10 07:30:13.414, 1, 51000]
[EL Fine]: sql: 2016-02-10 07:30:13.536--ClientSession(2055103107)--Connection(672601104)--Thread(Thread[Test worker,5,main])--SELECT userAccessDomainId, domainDescription, domainHelp, domainIcon, domainName, userAccessDomain, versionId, createdBy, createdDate, updatedBy, updatedDate, activeStatus, txnAccessCode FROM ast_UserAccessDomain_M WHERE ((activeStatus = ?) AND (userAccessDomainId = ?))
	bind => [1, DF9DA1BC-6FEE-458C-94E8-9004FECDA03A]
Setting logged in user info for UPDATE
[EL Fine]: sql: 2016-02-10 07:30:13.539--ClientSession(136411255)--Connection(672601104)--Thread(Thread[Test worker,5,main])--SELECT userAccessDomainId, domainDescription, domainHelp, domainIcon, domainName, userAccessDomain, versionId, createdBy, createdDate, updatedBy, updatedDate, activeStatus, txnAccessCode FROM ast_UserAccessDomain_M WHERE (userAccessDomainId = ?)
	bind => [DF9DA1BC-6FEE-458C-94E8-9004FECDA03A]
[EL Fine]: sql: 2016-02-10 07:30:13.54--ClientSession(136411255)--Connection(672601104)--Thread(Thread[Test worker,5,main])--UPDATE ast_UserAccessDomain_M SET domainDescription = ?, domainHelp = ?, domainIcon = ?, domainName = ?, userAccessDomain = ?, updatedBy = ?, versionId = ? WHERE ((userAccessDomainId = ?) AND (versionId = ?))
	bind => [YYRqnZ5gj4yNKFcRS1WZceLYbLAwtSEAmwQaumj5pASLcg2650, abMLSmbfStoyffAndv4vroTXIvlJFEIU6AyUFxRzAbIRx8xJTd, BZ2t4VB7U2jccMu2klDxQgFB49lFZvRF3L2tKOURjXgJyrSzxP, vuhFYuktaN6CSnzbXnIpXCeLdnwQu9Hh3UMxsSOa3AcvIRbvBB, 44206, AAAAA, 2, DF9DA1BC-6FEE-458C-94E8-9004FECDA03A, 1]
[EL Fine]: sql: 2016-02-10 07:30:13.756--ClientSession(314804269)--Connection(672601104)--Thread(Thread[Test worker,5,main])--SELECT userAccessDomainId, domainDescription, domainHelp, domainIcon, domainName, userAccessDomain, versionId, createdBy, createdDate, updatedBy, updatedDate, activeStatus, txnAccessCode FROM ast_UserAccessDomain_M WHERE ((activeStatus = ?) AND (userAccessDomainId = ?))
	bind => [1, DF9DA1BC-6FEE-458C-94E8-9004FECDA03A]
[EL Fine]: sql: 2016-02-10 07:30:13.761--ClientSession(745681962)--Connection(672601104)--Thread(Thread[Test worker,5,main])--SELECT userAccessDomainId, domainDescription, domainHelp, domainIcon, domainName, userAccessDomain, versionId, createdBy, createdDate, updatedBy, updatedDate, activeStatus, txnAccessCode FROM ast_UserAccessDomain_M WHERE (userAccessDomainId = ?)
	bind => [DF9DA1BC-6FEE-458C-94E8-9004FECDA03A]
[EL Fine]: sql: 2016-02-10 07:30:13.762--ClientSession(745681962)--Connection(672601104)--Thread(Thread[Test worker,5,main])--DELETE FROM ast_UserAccessDomain_M WHERE ((userAccessDomainId = ?) AND (versionId = ?))
	bind => [DF9DA1BC-6FEE-458C-94E8-9004FECDA03A, 2]
]]></system-out>
  <system-err><![CDATA[]]></system-err>
</testsuite>
