<?xml version="1.0" encoding="UTF-8"?>
<testsuite name="project3.app.server.service.CommunicationGroupTestCase" tests="4" skipped="0" failures="0" errors="0" timestamp="2016-02-10T07:30:11" hostname="01043713de49" time="0.432">
  <properties/>
  <testcase name="test1Save" classname="project3.app.server.service.CommunicationGroupTestCase" time="0.143"/>
  <testcase name="test2Update" classname="project3.app.server.service.CommunicationGroupTestCase" time="0.122"/>
  <testcase name="test3FindById" classname="project3.app.server.service.CommunicationGroupTestCase" time="0.004"/>
  <testcase name="test4Delete" classname="project3.app.server.service.CommunicationGroupTestCase" time="0.162"/>
  <system-out><![CDATA[Setting logged in user info for ADD
[EL Fine]: sql: 2016-02-10 07:30:11.459--ClientSession(1204193330)--Connection(672601104)--Thread(Thread[Test worker,5,main])--INSERT INTO ast_CommunicationGroup_M (commGroupId, commGroupDescription, commGroupName, versionId, createdBy, createdDate, updatedBy, updatedDate, activeStatus, txnAccessCode) VALUES (?, ?, ?, ?, ?, ?, ?, ?, ?, ?)
	bind => [7E2F6710-D1B4-47F1-9917-DFE6F21BADB8, o03NbaU9DD5PF5dpX6LhRDkXaNzYZtc0XLqjKY3ZZGlKHoT1dy, f7NvVXAnszmGHrosHL2woAAD5GDm6tvlmBat9CPXBP2tKnDqrX, 1, AAAAA, 2016-02-10 07:30:11.453, null, 2016-02-10 07:30:11.453, 1, 51000]
[EL Fine]: sql: 2016-02-10 07:30:11.59--ClientSession(1049178282)--Connection(672601104)--Thread(Thread[Test worker,5,main])--SELECT commGroupId, commGroupDescription, commGroupName, versionId, createdBy, createdDate, updatedBy, updatedDate, activeStatus, txnAccessCode FROM ast_CommunicationGroup_M WHERE ((activeStatus = ?) AND (commGroupId = ?))
	bind => [1, 7E2F6710-D1B4-47F1-9917-DFE6F21BADB8]
Setting logged in user info for UPDATE
[EL Fine]: sql: 2016-02-10 07:30:11.592--ClientSession(1633810496)--Connection(672601104)--Thread(Thread[Test worker,5,main])--SELECT commGroupId, commGroupDescription, commGroupName, versionId, createdBy, createdDate, updatedBy, updatedDate, activeStatus, txnAccessCode FROM ast_CommunicationGroup_M WHERE (commGroupId = ?)
	bind => [7E2F6710-D1B4-47F1-9917-DFE6F21BADB8]
[EL Fine]: sql: 2016-02-10 07:30:11.594--ClientSession(1633810496)--Connection(672601104)--Thread(Thread[Test worker,5,main])--UPDATE ast_CommunicationGroup_M SET commGroupDescription = ?, commGroupName = ?, updatedBy = ?, versionId = ? WHERE ((commGroupId = ?) AND (versionId = ?))
	bind => [BTiGWKHhmC47YgGLL6vmXQdWaAPd4i3SKELhqoL8wI90bLO95J, vOUcXhTVSTtSwNyU4MkFnDIq5JB2QGKXZ0Fw6FEjXAk0LqLdji, AAAAA, 2, 7E2F6710-D1B4-47F1-9917-DFE6F21BADB8, 1]
[EL Fine]: sql: 2016-02-10 07:30:11.712--ClientSession(927573665)--Connection(672601104)--Thread(Thread[Test worker,5,main])--SELECT commGroupId, commGroupDescription, commGroupName, versionId, createdBy, createdDate, updatedBy, updatedDate, activeStatus, txnAccessCode FROM ast_CommunicationGroup_M WHERE ((activeStatus = ?) AND (commGroupId = ?))
	bind => [1, 7E2F6710-D1B4-47F1-9917-DFE6F21BADB8]
[EL Fine]: sql: 2016-02-10 07:30:11.717--ClientSession(1621656567)--Connection(672601104)--Thread(Thread[Test worker,5,main])--SELECT commGroupId, commGroupDescription, commGroupName, versionId, createdBy, createdDate, updatedBy, updatedDate, activeStatus, txnAccessCode FROM ast_CommunicationGroup_M WHERE (commGroupId = ?)
	bind => [7E2F6710-D1B4-47F1-9917-DFE6F21BADB8]
[EL Fine]: sql: 2016-02-10 07:30:11.718--ClientSession(1621656567)--Connection(672601104)--Thread(Thread[Test worker,5,main])--DELETE FROM ast_CommunicationGroup_M WHERE ((commGroupId = ?) AND (versionId = ?))
	bind => [7E2F6710-D1B4-47F1-9917-DFE6F21BADB8, 2]
]]></system-out>
  <system-err><![CDATA[]]></system-err>
</testsuite>
